Using pre-set license
Built from '2022.3/staging' branch; Version is '2022.3.10f1 (ff3792e53c62) revision 16725906'; Using compiler version '192829333'; Build Type 'Release'
OS: 'Windows 10  (10.0.19045) 64bit Core' Language: 'es' Physical Memory: 16316 MB
BatchMode: 1, IsHumanControllingUs: 0, StartBugReporterOnCrash: 0, Is64bit: 1, IsPro: 1

COMMAND LINE ARGUMENTS:
D:\Unity v22\2022.3.10f1\Editor\Unity.exe
-adb2
-batchMode
-noUpm
-name
AssetImportWorker1
-projectPath
C:/Users/joane/Documents/GitHub/Scythe-vs-Hammer/Game/3DAnimation_P2
-logFile
Logs/AssetImportWorker1.log
-srvPort
60311
Successfully changed project path to: C:/Users/joane/Documents/GitHub/Scythe-vs-Hammer/Game/3DAnimation_P2
C:/Users/joane/Documents/GitHub/Scythe-vs-Hammer/Game/3DAnimation_P2
[UnityMemory] Configuration Parameters - Can be set up in boot.config
    "memorysetup-bucket-allocator-granularity=16"
    "memorysetup-bucket-allocator-bucket-count=8"
    "memorysetup-bucket-allocator-block-size=33554432"
    "memorysetup-bucket-allocator-block-count=8"
    "memorysetup-main-allocator-block-size=16777216"
    "memorysetup-thread-allocator-block-size=16777216"
    "memorysetup-gfx-main-allocator-block-size=16777216"
    "memorysetup-gfx-thread-allocator-block-size=16777216"
    "memorysetup-cache-allocator-block-size=4194304"
    "memorysetup-typetree-allocator-block-size=2097152"
    "memorysetup-profiler-bucket-allocator-granularity=16"
    "memorysetup-profiler-bucket-allocator-bucket-count=8"
    "memorysetup-profiler-bucket-allocator-block-size=33554432"
    "memorysetup-profiler-bucket-allocator-block-count=8"
    "memorysetup-profiler-allocator-block-size=16777216"
    "memorysetup-profiler-editor-allocator-block-size=1048576"
    "memorysetup-temp-allocator-size-main=16777216"
    "memorysetup-job-temp-allocator-block-size=2097152"
    "memorysetup-job-temp-allocator-block-size-background=1048576"
    "memorysetup-job-temp-allocator-reduction-small-platforms=262144"
    "memorysetup-allocator-temp-initial-block-size-main=262144"
    "memorysetup-allocator-temp-initial-block-size-worker=262144"
    "memorysetup-temp-allocator-size-background-worker=32768"
    "memorysetup-temp-allocator-size-job-worker=262144"
    "memorysetup-temp-allocator-size-preload-manager=33554432"
    "memorysetup-temp-allocator-size-nav-mesh-worker=65536"
    "memorysetup-temp-allocator-size-audio-worker=65536"
    "memorysetup-temp-allocator-size-cloud-worker=32768"
    "memorysetup-temp-allocator-size-gi-baking-worker=262144"
    "memorysetup-temp-allocator-size-gfx=262144"
Player connection [4768] Host "[IP] 192.168.1.25 [Port] 0 [Flags] 2 [Guid] 2387162962 [EditorId] 2387162962 [Version] 1048832 [Id] WindowsEditor(7,DESKTOP-12R74S7) [Debug] 1 [PackageName] WindowsEditor [ProjectName] Editor" joined multi-casting on [225.0.0.222:54997]...

Player connection [4768] Host "[IP] 192.168.1.25 [Port] 0 [Flags] 2 [Guid] 2387162962 [EditorId] 2387162962 [Version] 1048832 [Id] WindowsEditor(7,DESKTOP-12R74S7) [Debug] 1 [PackageName] WindowsEditor [ProjectName] Editor" joined alternative multi-casting on [225.0.0.222:34997]...

[Physics::Module] Initialized MultithreadedJobDispatcher with 15 workers.
Refreshing native plugins compatible for Editor in 10.52 ms, found 2 plugins.
Preloading 0 native plugins for Editor in 0.00 ms.
Initialize engine version: 2022.3.10f1 (ff3792e53c62)
[Subsystems] Discovering subsystems at path D:/Unity v22/2022.3.10f1/Editor/Data/Resources/UnitySubsystems
[Subsystems] Discovering subsystems at path C:/Users/joane/Documents/GitHub/Scythe-vs-Hammer/Game/3DAnimation_P2/Assets
GfxDevice: creating device client; threaded=0; jobified=0
Direct3D:
    Version:  Direct3D 11.0 [level 11.1]
    Renderer: NVIDIA GeForce GTX 1060 6GB (ID=0x1c03)
    Vendor:   NVIDIA
    VRAM:     6043 MB
    Driver:   31.0.15.3713
Initialize mono
Mono path[0] = 'D:/Unity v22/2022.3.10f1/Editor/Data/Managed'
Mono path[1] = 'D:/Unity v22/2022.3.10f1/Editor/Data/MonoBleedingEdge/lib/mono/unityjit-win32'
Mono config path = 'D:/Unity v22/2022.3.10f1/Editor/Data/MonoBleedingEdge/etc'
Using monoOptions --debugger-agent=transport=dt_socket,embedding=1,server=y,suspend=n,address=127.0.0.1:56656
Begin MonoManager ReloadAssembly
Registering precompiled unity dll's ...
Register platform support module: D:/Unity v22/2022.3.10f1/Editor/Data/PlaybackEngines/WebGLSupport/UnityEditor.WebGL.Extensions.dll
Register platform support module: D:/Unity v22/2022.3.10f1/Editor/Data/PlaybackEngines/WindowsStandaloneSupport/UnityEditor.WindowsStandalone.Extensions.dll
Registered in 0.008688 seconds.
- Loaded All Assemblies, in  0.534 seconds
Native extension for WindowsStandalone target not found
Native extension for WebGL target not found
Mono: successfully reloaded assembly
- Finished resetting the current domain, in  0.352 seconds
Domain Reload Profiling: 885ms
	BeginReloadAssembly (186ms)
		ExecutionOrderSort (0ms)
		DisableScriptedObjects (0ms)
		BackupInstance (0ms)
		ReleaseScriptingObjects (0ms)
		CreateAndSetChildDomain (1ms)
	RebuildCommonClasses (51ms)
	RebuildNativeTypeToScriptingClass (18ms)
	initialDomainReloadingComplete (73ms)
	LoadAllAssembliesAndSetupDomain (204ms)
		LoadAssemblies (186ms)
		RebuildTransferFunctionScriptingTraits (0ms)
		AnalyzeDomain (201ms)
			TypeCache.Refresh (199ms)
				TypeCache.ScanAssembly (182ms)
			ScanForSourceGeneratedMonoScriptInfo (0ms)
			ResolveRequiredComponents (1ms)
	FinalizeReload (353ms)
		ReleaseScriptCaches (0ms)
		RebuildScriptCaches (0ms)
		SetupLoadedEditorAssemblies (272ms)
			LogAssemblyErrors (0ms)
			InitializePlatformSupportModulesInManaged (13ms)
			SetLoadedEditorAssemblies (7ms)
			RefreshPlugins (0ms)
			BeforeProcessingInitializeOnLoad (3ms)
			ProcessInitializeOnLoadAttributes (180ms)
			ProcessInitializeOnLoadMethodAttributes (68ms)
			AfterProcessingInitializeOnLoad (0ms)
			EditorAssembliesLoaded (0ms)
		ExecutionOrderSort2 (0ms)
		AwakeInstancesAfterBackupRestoration (0ms)
========================================================================
Worker process is ready to serve import requests
Begin MonoManager ReloadAssembly
- Loaded All Assemblies, in  0.744 seconds
Refreshing native plugins compatible for Editor in 4.73 ms, found 2 plugins.
Native extension for WindowsStandalone target not found
Native extension for WebGL target not found
Package Manager log level set to [2]
[Package Manager] Server::EnsureServerProcessIsRunning -- launch failed, reason: Unity was launched with the -noUpm command-line argument
[Package Manager] UpmClient::Send -- Unable to send message (not connected to UPM process).
[Package Manager] Cannot connect to Unity Package Manager local server
Mono: successfully reloaded assembly
- Finished resetting the current domain, in  0.797 seconds
Domain Reload Profiling: 1539ms
	BeginReloadAssembly (235ms)
		ExecutionOrderSort (0ms)
		DisableScriptedObjects (8ms)
		BackupInstance (0ms)
		ReleaseScriptingObjects (0ms)
		CreateAndSetChildDomain (27ms)
	RebuildCommonClasses (54ms)
	RebuildNativeTypeToScriptingClass (16ms)
	initialDomainReloadingComplete (57ms)
	LoadAllAssembliesAndSetupDomain (378ms)
		LoadAssemblies (397ms)
		RebuildTransferFunctionScriptingTraits (0ms)
		AnalyzeDomain (135ms)
			TypeCache.Refresh (115ms)
				TypeCache.ScanAssembly (98ms)
			ScanForSourceGeneratedMonoScriptInfo (15ms)
			ResolveRequiredComponents (4ms)
	FinalizeReload (798ms)
		ReleaseScriptCaches (0ms)
		RebuildScriptCaches (0ms)
		SetupLoadedEditorAssemblies (595ms)
			LogAssemblyErrors (0ms)
			InitializePlatformSupportModulesInManaged (8ms)
			SetLoadedEditorAssemblies (4ms)
			RefreshPlugins (0ms)
			BeforeProcessingInitializeOnLoad (69ms)
			ProcessInitializeOnLoadAttributes (480ms)
			ProcessInitializeOnLoadMethodAttributes (29ms)
			AfterProcessingInitializeOnLoad (4ms)
			EditorAssembliesLoaded (0ms)
		ExecutionOrderSort2 (0ms)
		AwakeInstancesAfterBackupRestoration (9ms)
Launched and connected shader compiler UnityShaderCompiler.exe after 0.06 seconds
Refreshing native plugins compatible for Editor in 5.59 ms, found 2 plugins.
Preloading 0 native plugins for Editor in 0.00 ms.
Unloading 1923 Unused Serialized files (Serialized files now loaded: 0)
Unloading 41 unused Assets / (1.3 MB). Loaded Objects now: 2381.
Memory consumption went from 100.2 MB to 98.9 MB.
Total: 6.093900 ms (FindLiveObjects: 0.276700 ms CreateObjectMapping: 0.095800 ms MarkObjects: 4.984800 ms  DeleteObjects: 0.734600 ms)

AssetImportParameters requested are different than current active one (requested -> active):
  custom:video-decoder-webm-vp8: 9c59270c3fd7afecdb556c50c9e8de78 -> 
  custom:container-demuxer-ogg: 62fdf1f143b41e24485cea50d1cbac27 -> 
  custom:AudioImporter_EditorPlatform: d09bf68614088b80899f8185d706f6e7 -> 
  custom:video-decoder-ogg-theora: a1e56fd34408186e4bbccfd4996cb3dc -> 
  custom:framework-win-MediaFoundation: 216162199b28c13a410421893ffa2e32 -> 
  custom:video-encoder-webm-vp8: eb34c28f22e8b96e1ab97ce403110664 -> 
  custom:audio-decoder-ogg-vorbis: bf7c407c2cedff20999df2af8eb42d56 -> 
  custom:container-demuxer-webm: 4f35f7cbe854078d1ac9338744f61a02 -> 
  custom:audio-encoder-webm-vorbis: bf7c407c2cedff20999df2af8eb42d56 -> 
  custom:container-muxer-webm: aa71ff27fc2769a1b78a27578f13a17b -> 
========================================================================
Received Import Request.
  Time since last request: 95337.263311 seconds.
  path: Assets/Kachujin G Rosales.fbx
  artifactKey: Guid(ae2a53ded74d0054087714bbdb14a863) Importer(815301076,1909f56bfc062723c751e8b465ee728b)
Start importing Assets/Kachujin G Rosales.fbx using Guid(ae2a53ded74d0054087714bbdb14a863) Importer(815301076,1909f56bfc062723c751e8b465ee728b)  -> (artifact id: 'b522b6814c98ce05a76084454f911495') in 0.333661 seconds
Number of updated asset objects reloaded before import = 0
Number of asset objects unloaded after import = 164
========================================================================
Received Prepare
Refreshing native plugins compatible for Editor in 5.54 ms, found 2 plugins.
Preloading 0 native plugins for Editor in 0.00 ms.
Unloading 12 Unused Serialized files (Serialized files now loaded: 0)
Unloading 13 unused Assets / (1.2 MB). Loaded Objects now: 2427.
Memory consumption went from 70.0 MB to 68.7 MB.
Total: 4.850800 ms (FindLiveObjects: 0.256400 ms CreateObjectMapping: 0.058300 ms MarkObjects: 4.224000 ms  DeleteObjects: 0.310700 ms)

Prepare: number of updated asset objects reloaded= 0
AssetImportParameters requested are different than current active one (requested -> active):
  custom:video-decoder-webm-vp8: 9c59270c3fd7afecdb556c50c9e8de78 -> 
  custom:SearchIndexIgnoredProperties: e643bd26f0fe6173181afceb89e7c659 -> 
  custom:container-demuxer-ogg: 62fdf1f143b41e24485cea50d1cbac27 -> 
  custom:AudioImporter_EditorPlatform: d09bf68614088b80899f8185d706f6e7 -> 
  custom:video-decoder-ogg-theora: a1e56fd34408186e4bbccfd4996cb3dc -> 
  custom:framework-win-MediaFoundation: 216162199b28c13a410421893ffa2e32 -> 
  custom:video-encoder-webm-vp8: eb34c28f22e8b96e1ab97ce403110664 -> 
  custom:audio-decoder-ogg-vorbis: bf7c407c2cedff20999df2af8eb42d56 -> 
  custom:CustomObjectIndexerAttribute: 756ad292c208cfabdd7b50bc23989ffe -> 
  custom:container-demuxer-webm: 4f35f7cbe854078d1ac9338744f61a02 -> 
  custom:audio-encoder-webm-vorbis: bf7c407c2cedff20999df2af8eb42d56 -> 
  custom:container-muxer-webm: aa71ff27fc2769a1b78a27578f13a17b -> 
========================================================================
Received Import Request.
  Time since last request: 137.163939 seconds.
  path: Assets/Samples/Input System/1.3.0/Simple Multiplayer/SimpleMultiplayerControls.inputactions
  artifactKey: Guid(9547001c61582724894ebf550c5b4921) Importer(815301076,1909f56bfc062723c751e8b465ee728b)
Start importing Assets/Samples/Input System/1.3.0/Simple Multiplayer/SimpleMultiplayerControls.inputactions using Guid(9547001c61582724894ebf550c5b4921) Importer(815301076,1909f56bfc062723c751e8b465ee728b)  -> (artifact id: 'a362cbcdd75e4dc62977b478fd157639') in 0.010196 seconds
Number of updated asset objects reloaded before import = 0
Number of asset objects unloaded after import = 7
========================================================================
Received Import Request.
  Time since last request: 146.157891 seconds.
  path: Assets/Animations/Joan/AttackSlow_AZRI.fbx
  artifactKey: Guid(9c82db075d12c4b4b9675a2b75c6cdc4) Importer(815301076,1909f56bfc062723c751e8b465ee728b)
Start importing Assets/Animations/Joan/AttackSlow_AZRI.fbx using Guid(9c82db075d12c4b4b9675a2b75c6cdc4) Importer(815301076,1909f56bfc062723c751e8b465ee728b)  -> (artifact id: '473430b88202a40713a30e224be3eaa9') in 0.185449 seconds
Number of updated asset objects reloaded before import = 0
Number of asset objects unloaded after import = 543
========================================================================
Received Import Request.
  Time since last request: 0.000041 seconds.
  path: Assets/Animations/Joan/Walk_AZRI.fbx
  artifactKey: Guid(5d1b09e2f64fe8f439d00d0783bb7952) Importer(815301076,1909f56bfc062723c751e8b465ee728b)
Start importing Assets/Animations/Joan/Walk_AZRI.fbx using Guid(5d1b09e2f64fe8f439d00d0783bb7952) Importer(815301076,1909f56bfc062723c751e8b465ee728b)  -> (artifact id: 'a20e667922c81564b31e796516acee1b') in 0.134192 seconds
Number of updated asset objects reloaded before import = 0
Number of asset objects unloaded after import = 543
========================================================================
Received Import Request.
  Time since last request: 0.000043 seconds.
  path: Assets/Animations/Joan/Die_AZRI.fbx
  artifactKey: Guid(42087adeba047874690c30c057248ffa) Importer(815301076,1909f56bfc062723c751e8b465ee728b)
Start importing Assets/Animations/Joan/Die_AZRI.fbx using Guid(42087adeba047874690c30c057248ffa) Importer(815301076,1909f56bfc062723c751e8b465ee728b)  -> (artifact id: '61346d1666083d97f23a339f7586c795') in 0.117550 seconds
Number of updated asset objects reloaded before import = 0
Number of asset objects unloaded after import = 543
========================================================================
Received Import Request.
  Time since last request: 0.000029 seconds.
  path: Assets/Animations/Joan/LowFastAttack_AZRI.fbx
  artifactKey: Guid(ababba133669c3a45b851ec7579ba1fa) Importer(815301076,1909f56bfc062723c751e8b465ee728b)
Start importing Assets/Animations/Joan/LowFastAttack_AZRI.fbx using Guid(ababba133669c3a45b851ec7579ba1fa) Importer(815301076,1909f56bfc062723c751e8b465ee728b)  -> (artifact id: 'bf1adc81ba1c4630f0886a0850d86906') in 0.117682 seconds
Number of updated asset objects reloaded before import = 0
Number of asset objects unloaded after import = 543
========================================================================
Received Import Request.
  Time since last request: 0.000032 seconds.
  path: Assets/Animations/Joan/DodgeLow_AZRI.fbx
  artifactKey: Guid(8e5d9edca0879b944a298ac7771b6086) Importer(815301076,1909f56bfc062723c751e8b465ee728b)
Start importing Assets/Animations/Joan/DodgeLow_AZRI.fbx using Guid(8e5d9edca0879b944a298ac7771b6086) Importer(815301076,1909f56bfc062723c751e8b465ee728b)  -> (artifact id: 'e2ed424158e987ecaf3c269146ec4a43') in 0.140635 seconds
Number of updated asset objects reloaded before import = 0
Number of asset objects unloaded after import = 543
========================================================================
Received Import Request.
  Time since last request: 0.000051 seconds.
  path: Assets/Animations/Joan/DodgeHigh_AZRI.fbx
  artifactKey: Guid(48024bc377947604dbd7c04e91390bfe) Importer(815301076,1909f56bfc062723c751e8b465ee728b)
Start importing Assets/Animations/Joan/DodgeHigh_AZRI.fbx using Guid(48024bc377947604dbd7c04e91390bfe) Importer(815301076,1909f56bfc062723c751e8b465ee728b)  -> (artifact id: 'c8cfe6699280733ef5ef36ba528709b0') in 0.122833 seconds
Number of updated asset objects reloaded before import = 0
Number of asset objects unloaded after import = 543
========================================================================
Received Import Request.
  Time since last request: 61.583572 seconds.
  path: Assets/Audio/concrete_footsteps_1.wav
  artifactKey: Guid(c9b043cc6c15e2a418a8f5a305bc5466) Importer(815301076,1909f56bfc062723c751e8b465ee728b)
Start importing Assets/Audio/concrete_footsteps_1.wav using Guid(c9b043cc6c15e2a418a8f5a305bc5466) Importer(815301076,1909f56bfc062723c751e8b465ee728b)  -> (artifact id: 'd9ffcb7d5bd59c133c1fbadba60c999b') in 0.037426 seconds
Number of updated asset objects reloaded before import = 0
Number of asset objects unloaded after import = 2
========================================================================
Received Import Request.
  Time since last request: 0.009492 seconds.
  path: Assets/Audio/Groan_005a.wav
  artifactKey: Guid(c798b17e7f9ac5145bb98e46d9ea96c1) Importer(815301076,1909f56bfc062723c751e8b465ee728b)
Start importing Assets/Audio/Groan_005a.wav using Guid(c798b17e7f9ac5145bb98e46d9ea96c1) Importer(815301076,1909f56bfc062723c751e8b465ee728b)  -> (artifact id: '9888e0ea4bb19d43daf59a8393d1064b') in 0.020667 seconds
Number of updated asset objects reloaded before import = 0
Number of asset objects unloaded after import = 2
========================================================================
Received Import Request.
  Time since last request: 0.000022 seconds.
  path: Assets/Audio/Smack_004.wav
  artifactKey: Guid(93610f1351ca6d54aa4a575e49f7b8f3) Importer(815301076,1909f56bfc062723c751e8b465ee728b)
Start importing Assets/Audio/Smack_004.wav using Guid(93610f1351ca6d54aa4a575e49f7b8f3) Importer(815301076,1909f56bfc062723c751e8b465ee728b)  -> (artifact id: '1926675ff8f64b788a6781d9c30e0791') in 0.018048 seconds
Number of updated asset objects reloaded before import = 0
Number of asset objects unloaded after import = 2
========================================================================
Received Import Request.
  Time since last request: 0.000022 seconds.
  path: Assets/Audio/Stick_006.wav
  artifactKey: Guid(9af603cfe32dea94fb3bbb2795677063) Importer(815301076,1909f56bfc062723c751e8b465ee728b)
Start importing Assets/Audio/Stick_006.wav using Guid(9af603cfe32dea94fb3bbb2795677063) Importer(815301076,1909f56bfc062723c751e8b465ee728b)  -> (artifact id: '3ecd8faf7c755b1dbc45debdad647c58') in 0.019946 seconds
Number of updated asset objects reloaded before import = 0
Number of asset objects unloaded after import = 2
========================================================================
Received Import Request.
  Time since last request: 0.000033 seconds.
  path: Assets/Audio/WHOOSH_Air_Slow_RR1_mono.wav
  artifactKey: Guid(6b732a18743d6c849ba6029d0ffcf4cc) Importer(815301076,1909f56bfc062723c751e8b465ee728b)
Start importing Assets/Audio/WHOOSH_Air_Slow_RR1_mono.wav using Guid(6b732a18743d6c849ba6029d0ffcf4cc) Importer(815301076,1909f56bfc062723c751e8b465ee728b)  -> (artifact id: '7ea37e4626c2eb2dfeccedc38910719b') in 0.020605 seconds
Number of updated asset objects reloaded before import = 0
Number of asset objects unloaded after import = 2
========================================================================
Received Import Request.
  Time since last request: 0.000043 seconds.
  path: Assets/Audio/Punch01.wav
  artifactKey: Guid(dddf621506df42242a9fd2297520fdcf) Importer(815301076,1909f56bfc062723c751e8b465ee728b)
Start importing Assets/Audio/Punch01.wav using Guid(dddf621506df42242a9fd2297520fdcf) Importer(815301076,1909f56bfc062723c751e8b465ee728b)  -> (artifact id: '1220793205d6f57e42f0fb0a7f25d2e9') in 0.020376 seconds
Number of updated asset objects reloaded before import = 0
Number of asset objects unloaded after import = 2
========================================================================
Received Import Request.
  Time since last request: 0.000024 seconds.
  path: Assets/Audio/Punch03.wav
  artifactKey: Guid(086e804d9a2c68d43ab0e37712c07693) Importer(815301076,1909f56bfc062723c751e8b465ee728b)
Start importing Assets/Audio/Punch03.wav using Guid(086e804d9a2c68d43ab0e37712c07693) Importer(815301076,1909f56bfc062723c751e8b465ee728b)  -> (artifact id: 'c7fcc412d81b156a72186003015c5f3e') in 0.021479 seconds
Number of updated asset objects reloaded before import = 0
Number of asset objects unloaded after import = 2
Editor requested this worker to shutdown with reason: Scaling down because of idle timeout
TcpMessagingSession - receive error: operation aborted. errorcode: 995, details: La operación de E/S se anuló por una salida de subproceso o por una solicitud de aplicación.
AssetImportWorker is now disconnected from the server
Process exiting
Exiting without the bug reporter. Application will terminate with return code 0