Using pre-set license
Built from '2022.3/staging' branch; Version is '2022.3.10f1 (ff3792e53c62) revision 16725906'; Using compiler version '192829333'; Build Type 'Release'
OS: 'Windows 10  (10.0.19044) 64bit Professional' Language: 'es' Physical Memory: 16309 MB
BatchMode: 1, IsHumanControllingUs: 0, StartBugReporterOnCrash: 0, Is64bit: 1, IsPro: 1

COMMAND LINE ARGUMENTS:
C:\Program Files\Unity\Hub\Editor\2022.3.10f1\Editor\Unity.exe
-adb2
-batchMode
-noUpm
-name
AssetImportWorker2
-projectPath
C:/Users/Xavi/Documents/GitHub/Scythe-vs-Hammer/Game/3DAnimation_P2
-logFile
Logs/AssetImportWorker2.log
-srvPort
50736
Successfully changed project path to: C:/Users/Xavi/Documents/GitHub/Scythe-vs-Hammer/Game/3DAnimation_P2
C:/Users/Xavi/Documents/GitHub/Scythe-vs-Hammer/Game/3DAnimation_P2
[UnityMemory] Configuration Parameters - Can be set up in boot.config
    "memorysetup-bucket-allocator-granularity=16"
    "memorysetup-bucket-allocator-bucket-count=8"
    "memorysetup-bucket-allocator-block-size=33554432"
    "memorysetup-bucket-allocator-block-count=8"
    "memorysetup-main-allocator-block-size=16777216"
    "memorysetup-thread-allocator-block-size=16777216"
    "memorysetup-gfx-main-allocator-block-size=16777216"
    "memorysetup-gfx-thread-allocator-block-size=16777216"
    "memorysetup-cache-allocator-block-size=4194304"
    "memorysetup-typetree-allocator-block-size=2097152"
    "memorysetup-profiler-bucket-allocator-granularity=16"
    "memorysetup-profiler-bucket-allocator-bucket-count=8"
    "memorysetup-profiler-bucket-allocator-block-size=33554432"
    "memorysetup-profiler-bucket-allocator-block-count=8"
    "memorysetup-profiler-allocator-block-size=16777216"
    "memorysetup-profiler-editor-allocator-block-size=1048576"
    "memorysetup-temp-allocator-size-main=16777216"
    "memorysetup-job-temp-allocator-block-size=2097152"
    "memorysetup-job-temp-allocator-block-size-background=1048576"
    "memorysetup-job-temp-allocator-reduction-small-platforms=262144"
    "memorysetup-allocator-temp-initial-block-size-main=262144"
    "memorysetup-allocator-temp-initial-block-size-worker=262144"
    "memorysetup-temp-allocator-size-background-worker=32768"
    "memorysetup-temp-allocator-size-job-worker=262144"
    "memorysetup-temp-allocator-size-preload-manager=33554432"
    "memorysetup-temp-allocator-size-nav-mesh-worker=65536"
    "memorysetup-temp-allocator-size-audio-worker=65536"
    "memorysetup-temp-allocator-size-cloud-worker=32768"
    "memorysetup-temp-allocator-size-gi-baking-worker=262144"
    "memorysetup-temp-allocator-size-gfx=262144"
Player connection [24012] Host "[IP] 192.168.1.131 [Port] 0 [Flags] 2 [Guid] 2730221371 [EditorId] 2730221371 [Version] 1048832 [Id] WindowsEditor(7,DESKTOP-M0JCFSU) [Debug] 1 [PackageName] WindowsEditor [ProjectName] Editor" joined multi-casting on [225.0.0.222:54997]...

Player connection [24012] Host "[IP] 192.168.1.131 [Port] 0 [Flags] 2 [Guid] 2730221371 [EditorId] 2730221371 [Version] 1048832 [Id] WindowsEditor(7,DESKTOP-M0JCFSU) [Debug] 1 [PackageName] WindowsEditor [ProjectName] Editor" joined alternative multi-casting on [225.0.0.222:34997]...

[Physics::Module] Initialized MultithreadedJobDispatcher with 15 workers.
Refreshing native plugins compatible for Editor in 6.25 ms, found 2 plugins.
Preloading 0 native plugins for Editor in 0.00 ms.
Initialize engine version: 2022.3.10f1 (ff3792e53c62)
[Subsystems] Discovering subsystems at path C:/Program Files/Unity/Hub/Editor/2022.3.10f1/Editor/Data/Resources/UnitySubsystems
[Subsystems] Discovering subsystems at path C:/Users/Xavi/Documents/GitHub/Scythe-vs-Hammer/Game/3DAnimation_P2/Assets
GfxDevice: creating device client; threaded=0; jobified=0
Direct3D:
    Version:  Direct3D 11.0 [level 11.1]
    Renderer: NVIDIA GeForce RTX 3060 Ti (ID=0x2486)
    Vendor:   NVIDIA
    VRAM:     8038 MB
    Driver:   31.0.15.4633
Initialize mono
Mono path[0] = 'C:/Program Files/Unity/Hub/Editor/2022.3.10f1/Editor/Data/Managed'
Mono path[1] = 'C:/Program Files/Unity/Hub/Editor/2022.3.10f1/Editor/Data/MonoBleedingEdge/lib/mono/unityjit-win32'
Mono config path = 'C:/Program Files/Unity/Hub/Editor/2022.3.10f1/Editor/Data/MonoBleedingEdge/etc'
Using monoOptions --debugger-agent=transport=dt_socket,embedding=1,server=y,suspend=n,address=127.0.0.1:56088
Begin MonoManager ReloadAssembly
Registering precompiled unity dll's ...
Register platform support module: C:/Program Files/Unity/Hub/Editor/2022.3.10f1/Editor/Data/PlaybackEngines/WindowsStandaloneSupport/UnityEditor.WindowsStandalone.Extensions.dll
Registered in 0.011225 seconds.
- Loaded All Assemblies, in  0.385 seconds
Native extension for WindowsStandalone target not found
Mono: successfully reloaded assembly
- Finished resetting the current domain, in  0.254 seconds
Domain Reload Profiling: 636ms
	BeginReloadAssembly (120ms)
		ExecutionOrderSort (0ms)
		DisableScriptedObjects (0ms)
		BackupInstance (0ms)
		ReleaseScriptingObjects (0ms)
		CreateAndSetChildDomain (1ms)
	RebuildCommonClasses (35ms)
	RebuildNativeTypeToScriptingClass (12ms)
	initialDomainReloadingComplete (66ms)
	LoadAllAssembliesAndSetupDomain (149ms)
		LoadAssemblies (118ms)
		RebuildTransferFunctionScriptingTraits (0ms)
		AnalyzeDomain (147ms)
			TypeCache.Refresh (146ms)
				TypeCache.ScanAssembly (132ms)
			ScanForSourceGeneratedMonoScriptInfo (0ms)
			ResolveRequiredComponents (1ms)
	FinalizeReload (254ms)
		ReleaseScriptCaches (0ms)
		RebuildScriptCaches (0ms)
		SetupLoadedEditorAssemblies (196ms)
			LogAssemblyErrors (0ms)
			InitializePlatformSupportModulesInManaged (13ms)
			SetLoadedEditorAssemblies (8ms)
			RefreshPlugins (0ms)
			BeforeProcessingInitializeOnLoad (2ms)
			ProcessInitializeOnLoadAttributes (133ms)
			ProcessInitializeOnLoadMethodAttributes (40ms)
			AfterProcessingInitializeOnLoad (0ms)
			EditorAssembliesLoaded (0ms)
		ExecutionOrderSort2 (0ms)
		AwakeInstancesAfterBackupRestoration (0ms)
========================================================================
Worker process is ready to serve import requests
Begin MonoManager ReloadAssembly
- Loaded All Assemblies, in  0.459 seconds
Refreshing native plugins compatible for Editor in 2.59 ms, found 2 plugins.
Native extension for WindowsStandalone target not found
Package Manager log level set to [2]
[Package Manager] Server::EnsureServerProcessIsRunning -- launch failed, reason: Unity was launched with the -noUpm command-line argument
[Package Manager] UpmClient::Send -- Unable to send message (not connected to UPM process).
[Package Manager] Cannot connect to Unity Package Manager local server
Mono: successfully reloaded assembly
- Finished resetting the current domain, in  0.482 seconds
Domain Reload Profiling: 936ms
	BeginReloadAssembly (132ms)
		ExecutionOrderSort (0ms)
		DisableScriptedObjects (5ms)
		BackupInstance (0ms)
		ReleaseScriptingObjects (0ms)
		CreateAndSetChildDomain (19ms)
	RebuildCommonClasses (31ms)
	RebuildNativeTypeToScriptingClass (10ms)
	initialDomainReloadingComplete (38ms)
	LoadAllAssembliesAndSetupDomain (244ms)
		LoadAssemblies (238ms)
		RebuildTransferFunctionScriptingTraits (0ms)
		AnalyzeDomain (84ms)
			TypeCache.Refresh (72ms)
				TypeCache.ScanAssembly (62ms)
			ScanForSourceGeneratedMonoScriptInfo (8ms)
			ResolveRequiredComponents (2ms)
	FinalizeReload (482ms)
		ReleaseScriptCaches (0ms)
		RebuildScriptCaches (0ms)
		SetupLoadedEditorAssemblies (362ms)
			LogAssemblyErrors (0ms)
			InitializePlatformSupportModulesInManaged (7ms)
			SetLoadedEditorAssemblies (2ms)
			RefreshPlugins (0ms)
			BeforeProcessingInitializeOnLoad (49ms)
			ProcessInitializeOnLoadAttributes (277ms)
			ProcessInitializeOnLoadMethodAttributes (17ms)
			AfterProcessingInitializeOnLoad (10ms)
			EditorAssembliesLoaded (0ms)
		ExecutionOrderSort2 (0ms)
		AwakeInstancesAfterBackupRestoration (6ms)
Launched and connected shader compiler UnityShaderCompiler.exe after 0.04 seconds
Refreshing native plugins compatible for Editor in 2.40 ms, found 2 plugins.
Preloading 0 native plugins for Editor in 0.00 ms.
Unloading 1923 Unused Serialized files (Serialized files now loaded: 0)
Unloading 41 unused Assets / (1.3 MB). Loaded Objects now: 2383.
Memory consumption went from 100.6 MB to 99.3 MB.
Total: 3.030800 ms (FindLiveObjects: 0.155400 ms CreateObjectMapping: 0.045500 ms MarkObjects: 2.518400 ms  DeleteObjects: 0.310300 ms)

AssetImportParameters requested are different than current active one (requested -> active):
  custom:video-decoder-webm-vp8: 9c59270c3fd7afecdb556c50c9e8de78 -> 
  custom:SearchIndexIgnoredProperties: e643bd26f0fe6173181afceb89e7c659 -> 
  custom:container-demuxer-ogg: 62fdf1f143b41e24485cea50d1cbac27 -> 
  custom:AudioImporter_EditorPlatform: d09bf68614088b80899f8185d706f6e7 -> 
  custom:video-decoder-ogg-theora: a1e56fd34408186e4bbccfd4996cb3dc -> 
  custom:framework-win-MediaFoundation: 216162199b28c13a410421893ffa2e32 -> 
  custom:video-encoder-webm-vp8: eb34c28f22e8b96e1ab97ce403110664 -> 
  custom:audio-decoder-ogg-vorbis: bf7c407c2cedff20999df2af8eb42d56 -> 
  custom:CustomObjectIndexerAttribute: 756ad292c208cfabdd7b50bc23989ffe -> 
  custom:container-demuxer-webm: 4f35f7cbe854078d1ac9338744f61a02 -> 
  custom:audio-encoder-webm-vorbis: bf7c407c2cedff20999df2af8eb42d56 -> 
  custom:container-muxer-webm: aa71ff27fc2769a1b78a27578f13a17b -> 
========================================================================
Received Import Request.
  Time since last request: 32945.086310 seconds.
  path: Assets/Animations/Xavi/WalkFW.fbx
  artifactKey: Guid(3707f31abc32a2d42b995da232782cc9) Importer(815301076,1909f56bfc062723c751e8b465ee728b)
Start importing Assets/Animations/Xavi/WalkFW.fbx using Guid(3707f31abc32a2d42b995da232782cc9) Importer(815301076,1909f56bfc062723c751e8b465ee728b)  -> (artifact id: '62fa73770165d995152a49ed1809ec31') in 0.325538 seconds
Number of updated asset objects reloaded before import = 0
Number of asset objects unloaded after import = 596
========================================================================
Received Import Request.
  Time since last request: 7.170740 seconds.
  path: Assets/Animations/Xavi/WalkBW.fbx
  artifactKey: Guid(11020125bf7de4946845cf0c8a34eda2) Importer(815301076,1909f56bfc062723c751e8b465ee728b)
Start importing Assets/Animations/Xavi/WalkBW.fbx using Guid(11020125bf7de4946845cf0c8a34eda2) Importer(815301076,1909f56bfc062723c751e8b465ee728b)  -> (artifact id: 'aecf4428c0d92c2ea60e3e132ba675f1') in 0.179735 seconds
Number of updated asset objects reloaded before import = 0
Number of asset objects unloaded after import = 600
========================================================================
Received Import Request.
  Time since last request: 13.978788 seconds.
  path: Assets/Animations/Xavi/Idle.fbx
  artifactKey: Guid(2891f1e70bace7142bb99ae501dbf744) Importer(815301076,1909f56bfc062723c751e8b465ee728b)
Start importing Assets/Animations/Xavi/Idle.fbx using Guid(2891f1e70bace7142bb99ae501dbf744) Importer(815301076,1909f56bfc062723c751e8b465ee728b)  -> (artifact id: '8141b5ce6084bbbf6d0863e0eb3422f6') in 0.143138 seconds
Number of updated asset objects reloaded before import = 0
Number of asset objects unloaded after import = 596
========================================================================
Received Import Request.
  Time since last request: 111.058106 seconds.
  path: Assets/Animations/Xavi/Idle.fbx
  artifactKey: Guid(2891f1e70bace7142bb99ae501dbf744) Importer(815301076,1909f56bfc062723c751e8b465ee728b)
Start importing Assets/Animations/Xavi/Idle.fbx using Guid(2891f1e70bace7142bb99ae501dbf744) Importer(815301076,1909f56bfc062723c751e8b465ee728b)  -> (artifact id: '9dd6724dda59ab93f80594e96ec6c763') in 0.133705 seconds
Number of updated asset objects reloaded before import = 0
Number of asset objects unloaded after import = 596
========================================================================
Received Import Request.
  Time since last request: 1.418565 seconds.
  path: Assets/Animations/Xavi/Textures/pink_MAT.mat
  artifactKey: Guid(76b107f0511a94044b7054a58e327307) Importer(815301076,1909f56bfc062723c751e8b465ee728b)
Start importing Assets/Animations/Xavi/Textures/pink_MAT.mat using Guid(76b107f0511a94044b7054a58e327307) Importer(815301076,1909f56bfc062723c751e8b465ee728b)  -> (artifact id: 'f86486cc122226139da8d53c48ec876c') in 0.014054 seconds
Number of updated asset objects reloaded before import = 0
Number of asset objects unloaded after import = 1
========================================================================
Received Import Request.
  Time since last request: 0.009881 seconds.
  path: Assets/Animations/Xavi/Textures/thor_legs_MAT.mat
  artifactKey: Guid(6508881e8c80735438b2d925ad2ca136) Importer(815301076,1909f56bfc062723c751e8b465ee728b)
Start importing Assets/Animations/Xavi/Textures/thor_legs_MAT.mat using Guid(6508881e8c80735438b2d925ad2ca136) Importer(815301076,1909f56bfc062723c751e8b465ee728b)  -> (artifact id: '49a0bb44d16b29a7ab2e2934ff868913') in 0.014240 seconds
Number of updated asset objects reloaded before import = 0
Number of asset objects unloaded after import = 1
========================================================================
Received Import Request.
  Time since last request: 0.000022 seconds.
  path: Assets/Animations/Xavi/Textures/thor_torso_MAT.mat
  artifactKey: Guid(414817410e93ed14b8507004e54513ca) Importer(815301076,1909f56bfc062723c751e8b465ee728b)
Start importing Assets/Animations/Xavi/Textures/thor_torso_MAT.mat using Guid(414817410e93ed14b8507004e54513ca) Importer(815301076,1909f56bfc062723c751e8b465ee728b)  -> (artifact id: 'f4b3e2cd98176b6650af09d63fddc1f8') in 0.014589 seconds
Number of updated asset objects reloaded before import = 0
Number of asset objects unloaded after import = 1
========================================================================
Received Import Request.
  Time since last request: 0.000020 seconds.
  path: Assets/Animations/Xavi/Textures/thor_skinhelperthor.mat
  artifactKey: Guid(2f3997ae5ebde4349a6e9569129f5e15) Importer(815301076,1909f56bfc062723c751e8b465ee728b)
Start importing Assets/Animations/Xavi/Textures/thor_skinhelperthor.mat using Guid(2f3997ae5ebde4349a6e9569129f5e15) Importer(815301076,1909f56bfc062723c751e8b465ee728b)  -> (artifact id: '5c9b5ea754affb2a7702e4df75ae31f1') in 0.013312 seconds
Number of updated asset objects reloaded before import = 0
Number of asset objects unloaded after import = 1
========================================================================
Received Import Request.
  Time since last request: 0.000026 seconds.
  path: Assets/Animations/Xavi/Textures/thor_eyes_MAT.mat
  artifactKey: Guid(5670b85f79e18ac4f8fc055549d11a64) Importer(815301076,1909f56bfc062723c751e8b465ee728b)
Start importing Assets/Animations/Xavi/Textures/thor_eyes_MAT.mat using Guid(5670b85f79e18ac4f8fc055549d11a64) Importer(815301076,1909f56bfc062723c751e8b465ee728b)  -> (artifact id: '4412f36713944ec83e715d13c41dd4ea') in 0.013056 seconds
Number of updated asset objects reloaded before import = 0
Number of asset objects unloaded after import = 1
========================================================================
Received Import Request.
  Time since last request: 0.000017 seconds.
  path: Assets/Animations/Xavi/Textures/thor_gauntlets_MAT.mat
  artifactKey: Guid(349f60a9de552f54daef08a2516741bb) Importer(815301076,1909f56bfc062723c751e8b465ee728b)
Start importing Assets/Animations/Xavi/Textures/thor_gauntlets_MAT.mat using Guid(349f60a9de552f54daef08a2516741bb) Importer(815301076,1909f56bfc062723c751e8b465ee728b)  -> (artifact id: '12b84290324a4e808e9419979d19fda2') in 0.012592 seconds
Number of updated asset objects reloaded before import = 0
Number of asset objects unloaded after import = 1
========================================================================
Received Import Request.
  Time since last request: 0.000019 seconds.
  path: Assets/Animations/Xavi/Textures/thor_skin_MAT.mat
  artifactKey: Guid(9e95a841a73dedc45ace4acec8748905) Importer(815301076,1909f56bfc062723c751e8b465ee728b)
Start importing Assets/Animations/Xavi/Textures/thor_skin_MAT.mat using Guid(9e95a841a73dedc45ace4acec8748905) Importer(815301076,1909f56bfc062723c751e8b465ee728b)  -> (artifact id: '4e3b7cc96d4f2f37c53b1487de9cb280') in 0.014266 seconds
Number of updated asset objects reloaded before import = 0
Number of asset objects unloaded after import = 1
========================================================================
Received Import Request.
  Time since last request: 0.000017 seconds.
  path: Assets/Animations/Xavi/Textures/thor_hair_MAT.mat
  artifactKey: Guid(0f120161e4c2190468520e4222710934) Importer(815301076,1909f56bfc062723c751e8b465ee728b)
Start importing Assets/Animations/Xavi/Textures/thor_hair_MAT.mat using Guid(0f120161e4c2190468520e4222710934) Importer(815301076,1909f56bfc062723c751e8b465ee728b)  -> (artifact id: '02ca887c754179378007b64c6e87788b') in 0.013074 seconds
Number of updated asset objects reloaded before import = 0
Number of asset objects unloaded after import = 1
========================================================================
Received Import Request.
  Time since last request: 43.185174 seconds.
  path: Assets/Animations/Xavi/Textures/Cloth_low_Metallic.png
  artifactKey: Guid(982494bda0e7d4b4285213dca1b06f87) Importer(815301076,1909f56bfc062723c751e8b465ee728b)
Start importing Assets/Animations/Xavi/Textures/Cloth_low_Metallic.png using Guid(982494bda0e7d4b4285213dca1b06f87) Importer(815301076,1909f56bfc062723c751e8b465ee728b)  -> (artifact id: '1c98c9a1d0df7c261c50843bab265532') in 0.036432 seconds
Number of updated asset objects reloaded before import = 0
Number of asset objects unloaded after import = 2
========================================================================
Received Import Request.
  Time since last request: 0.000018 seconds.
  path: Assets/Animations/Xavi/Textures/Skin_low_Normal_OpenGL.png
  artifactKey: Guid(bc5aba76d4be24c41bcc1efbd010a63b) Importer(815301076,1909f56bfc062723c751e8b465ee728b)
Start importing Assets/Animations/Xavi/Textures/Skin_low_Normal_OpenGL.png using Guid(bc5aba76d4be24c41bcc1efbd010a63b) Importer(815301076,1909f56bfc062723c751e8b465ee728b)  -> (artifact id: '1f7e67438d7462f60c4cd5a623dc69d4') in 0.024009 seconds
Number of updated asset objects reloaded before import = 0
Number of asset objects unloaded after import = 2
========================================================================
Received Import Request.
  Time since last request: 0.000026 seconds.
  path: Assets/Animations/Xavi/Textures/Torso_low_Base_Color.png
  artifactKey: Guid(cf4d9386c8c64934e9dee713b4b78d86) Importer(815301076,1909f56bfc062723c751e8b465ee728b)
Start importing Assets/Animations/Xavi/Textures/Torso_low_Base_Color.png using Guid(cf4d9386c8c64934e9dee713b4b78d86) Importer(815301076,1909f56bfc062723c751e8b465ee728b)  -> (artifact id: '09aeef037255ac8687f149ce3779ffec') in 0.024389 seconds
Number of updated asset objects reloaded before import = 0
Number of asset objects unloaded after import = 2
========================================================================
Received Import Request.
  Time since last request: 0.000022 seconds.
  path: Assets/Animations/Xavi/Textures/FaceGuts_low_Metallic.png
  artifactKey: Guid(bb2ab29b125ea5947a562a40b02bea8b) Importer(815301076,1909f56bfc062723c751e8b465ee728b)
Start importing Assets/Animations/Xavi/Textures/FaceGuts_low_Metallic.png using Guid(bb2ab29b125ea5947a562a40b02bea8b) Importer(815301076,1909f56bfc062723c751e8b465ee728b)  -> (artifact id: '73e4f198b449e1a334984d4f961e0ada') in 0.020349 seconds
Number of updated asset objects reloaded before import = 0
Number of asset objects unloaded after import = 2
========================================================================
Received Import Request.
  Time since last request: 0.000013 seconds.
  path: Assets/Animations/Xavi/Textures/Skin_low_Mixed_AO.png
  artifactKey: Guid(90475e17d502ee244a7e63ed70c1d2d9) Importer(815301076,1909f56bfc062723c751e8b465ee728b)
Start importing Assets/Animations/Xavi/Textures/Skin_low_Mixed_AO.png using Guid(90475e17d502ee244a7e63ed70c1d2d9) Importer(815301076,1909f56bfc062723c751e8b465ee728b)  -> (artifact id: '220ed3ffc5f406e5b85503aa41ecf431') in 0.035198 seconds
Number of updated asset objects reloaded before import = 0
Number of asset objects unloaded after import = 2
========================================================================
Received Import Request.
  Time since last request: 0.000024 seconds.
  path: Assets/Animations/Xavi/Textures/Skin_low_Roughness.png
  artifactKey: Guid(f37548ad843dd5247823bcce1f77a59d) Importer(815301076,1909f56bfc062723c751e8b465ee728b)
Start importing Assets/Animations/Xavi/Textures/Skin_low_Roughness.png using Guid(f37548ad843dd5247823bcce1f77a59d) Importer(815301076,1909f56bfc062723c751e8b465ee728b)  -> (artifact id: 'b01892a5c2ad4cacab2d5c514eb65da0') in 0.029096 seconds
Number of updated asset objects reloaded before import = 0
Number of asset objects unloaded after import = 2
========================================================================
Received Import Request.
  Time since last request: 0.000015 seconds.
  path: Assets/Animations/Xavi/Textures/FaceGuts_low_Mixed_AO.png
  artifactKey: Guid(0463e58cedbe57743bb582251376833e) Importer(815301076,1909f56bfc062723c751e8b465ee728b)
Start importing Assets/Animations/Xavi/Textures/FaceGuts_low_Mixed_AO.png using Guid(0463e58cedbe57743bb582251376833e) Importer(815301076,1909f56bfc062723c751e8b465ee728b)  -> (artifact id: 'bd727684f8da83d6818df4fd030ca2f8') in 0.024971 seconds
Number of updated asset objects reloaded before import = 0
Number of asset objects unloaded after import = 2
========================================================================
Received Import Request.
  Time since last request: 0.000020 seconds.
  path: Assets/Animations/Xavi/Textures/Legs_high_Metallic.png
  artifactKey: Guid(e17a9759ed2dbe741b56aff4bad2c892) Importer(815301076,1909f56bfc062723c751e8b465ee728b)
Start importing Assets/Animations/Xavi/Textures/Legs_high_Metallic.png using Guid(e17a9759ed2dbe741b56aff4bad2c892) Importer(815301076,1909f56bfc062723c751e8b465ee728b)  -> (artifact id: '7d312db7b1dcdbc0a1de38c04a9d5b33') in 0.018347 seconds
Number of updated asset objects reloaded before import = 0
Number of asset objects unloaded after import = 2
========================================================================
Received Import Request.
  Time since last request: 0.000020 seconds.
  path: Assets/Animations/Xavi/Textures/Skin_low_Metallic.png
  artifactKey: Guid(524cd87d430426c4fab5739b0d5f7f81) Importer(815301076,1909f56bfc062723c751e8b465ee728b)
Start importing Assets/Animations/Xavi/Textures/Skin_low_Metallic.png using Guid(524cd87d430426c4fab5739b0d5f7f81) Importer(815301076,1909f56bfc062723c751e8b465ee728b)  -> (artifact id: 'b509afe83a2d6d484156e4744ac0868e') in 0.017987 seconds
Number of updated asset objects reloaded before import = 0
Number of asset objects unloaded after import = 2
========================================================================
Received Import Request.
  Time since last request: 42.659786 seconds.
  path: Assets/Animations/Xavi/Textures/FaceGuts_low_Normal_OpenGL.png
  artifactKey: Guid(3a797d453028b86419ee045c9a13af7b) Importer(815301076,1909f56bfc062723c751e8b465ee728b)
Start importing Assets/Animations/Xavi/Textures/FaceGuts_low_Normal_OpenGL.png using Guid(3a797d453028b86419ee045c9a13af7b) Importer(815301076,1909f56bfc062723c751e8b465ee728b)  -> (artifact id: '99db610860435d79d362d9db9c58b2b2') in 0.117157 seconds
Number of updated asset objects reloaded before import = 0
Number of asset objects unloaded after import = 2
========================================================================
Received Import Request.
  Time since last request: 5.953703 seconds.
  path: Assets/Animations/Xavi/LowerDodge.fbx
  artifactKey: Guid(620adbe1e0e2a2d4097743a1a6ed9598) Importer(815301076,1909f56bfc062723c751e8b465ee728b)
Start importing Assets/Animations/Xavi/LowerDodge.fbx using Guid(620adbe1e0e2a2d4097743a1a6ed9598) Importer(815301076,1909f56bfc062723c751e8b465ee728b)  -> (artifact id: '563ff3bfd1cd7319843ff64eb537a60e') in 0.457599 seconds
Number of updated asset objects reloaded before import = 0
Number of asset objects unloaded after import = 624
========================================================================
Received Import Request.
  Time since last request: 0.000026 seconds.
  path: Assets/Animations/Xavi/WalkFW.fbx
  artifactKey: Guid(3707f31abc32a2d42b995da232782cc9) Importer(815301076,1909f56bfc062723c751e8b465ee728b)
Start importing Assets/Animations/Xavi/WalkFW.fbx using Guid(3707f31abc32a2d42b995da232782cc9) Importer(815301076,1909f56bfc062723c751e8b465ee728b)  -> (artifact id: 'f4b9ed6277f80b16a89ffa19fa4d6fd6') in 0.237326 seconds
Number of updated asset objects reloaded before import = 0
Number of asset objects unloaded after import = 620
========================================================================
Received Import Request.
  Time since last request: 0.000037 seconds.
  path: Assets/Animations/Xavi/WalkBW.fbx
  artifactKey: Guid(11020125bf7de4946845cf0c8a34eda2) Importer(815301076,1909f56bfc062723c751e8b465ee728b)
Start importing Assets/Animations/Xavi/WalkBW.fbx using Guid(11020125bf7de4946845cf0c8a34eda2) Importer(815301076,1909f56bfc062723c751e8b465ee728b)  -> (artifact id: '61b4ccd1de970f181de6ffa94a5f1b9f') in 0.217140 seconds
Number of updated asset objects reloaded before import = 0
Number of asset objects unloaded after import = 624
Editor requested this worker to shutdown with reason: Scaling down because of idle timeout
TcpMessagingSession - receive error: operation aborted. errorcode: 995, details: La operación de E/S se anuló por una salida de subproceso o por una solicitud de aplicación.
AssetImportWorker is now disconnected from the server
Process exiting
Exiting without the bug reporter. Application will terminate with return code 0