Using pre-set license
Built from '2022.3/staging' branch; Version is '2022.3.10f1 (ff3792e53c62) revision 16725906'; Using compiler version '192829333'; Build Type 'Release'
OS: 'Windows 10  (10.0.19044) 64bit Professional' Language: 'es' Physical Memory: 16309 MB
BatchMode: 1, IsHumanControllingUs: 0, StartBugReporterOnCrash: 0, Is64bit: 1, IsPro: 1

COMMAND LINE ARGUMENTS:
C:\Program Files\Unity\Hub\Editor\2022.3.10f1\Editor\Unity.exe
-adb2
-batchMode
-noUpm
-name
AssetImportWorker5
-projectPath
C:/Users/Xavi/Documents/GitHub/Scythe-vs-Hammer/Game/3DAnimation_P2
-logFile
Logs/AssetImportWorker5.log
-srvPort
50736
Successfully changed project path to: C:/Users/Xavi/Documents/GitHub/Scythe-vs-Hammer/Game/3DAnimation_P2
C:/Users/Xavi/Documents/GitHub/Scythe-vs-Hammer/Game/3DAnimation_P2
[UnityMemory] Configuration Parameters - Can be set up in boot.config
    "memorysetup-bucket-allocator-granularity=16"
    "memorysetup-bucket-allocator-bucket-count=8"
    "memorysetup-bucket-allocator-block-size=33554432"
    "memorysetup-bucket-allocator-block-count=8"
    "memorysetup-main-allocator-block-size=16777216"
    "memorysetup-thread-allocator-block-size=16777216"
    "memorysetup-gfx-main-allocator-block-size=16777216"
    "memorysetup-gfx-thread-allocator-block-size=16777216"
    "memorysetup-cache-allocator-block-size=4194304"
    "memorysetup-typetree-allocator-block-size=2097152"
    "memorysetup-profiler-bucket-allocator-granularity=16"
    "memorysetup-profiler-bucket-allocator-bucket-count=8"
    "memorysetup-profiler-bucket-allocator-block-size=33554432"
    "memorysetup-profiler-bucket-allocator-block-count=8"
    "memorysetup-profiler-allocator-block-size=16777216"
    "memorysetup-profiler-editor-allocator-block-size=1048576"
    "memorysetup-temp-allocator-size-main=16777216"
    "memorysetup-job-temp-allocator-block-size=2097152"
    "memorysetup-job-temp-allocator-block-size-background=1048576"
    "memorysetup-job-temp-allocator-reduction-small-platforms=262144"
    "memorysetup-allocator-temp-initial-block-size-main=262144"
    "memorysetup-allocator-temp-initial-block-size-worker=262144"
    "memorysetup-temp-allocator-size-background-worker=32768"
    "memorysetup-temp-allocator-size-job-worker=262144"
    "memorysetup-temp-allocator-size-preload-manager=33554432"
    "memorysetup-temp-allocator-size-nav-mesh-worker=65536"
    "memorysetup-temp-allocator-size-audio-worker=65536"
    "memorysetup-temp-allocator-size-cloud-worker=32768"
    "memorysetup-temp-allocator-size-gi-baking-worker=262144"
    "memorysetup-temp-allocator-size-gfx=262144"
Player connection [9436] Host "[IP] 192.168.1.131 [Port] 0 [Flags] 2 [Guid] 3149528157 [EditorId] 3149528157 [Version] 1048832 [Id] WindowsEditor(7,DESKTOP-M0JCFSU) [Debug] 1 [PackageName] WindowsEditor [ProjectName] Editor" joined multi-casting on [225.0.0.222:54997]...

Player connection [9436] Host "[IP] 192.168.1.131 [Port] 0 [Flags] 2 [Guid] 3149528157 [EditorId] 3149528157 [Version] 1048832 [Id] WindowsEditor(7,DESKTOP-M0JCFSU) [Debug] 1 [PackageName] WindowsEditor [ProjectName] Editor" joined alternative multi-casting on [225.0.0.222:34997]...

[Physics::Module] Initialized MultithreadedJobDispatcher with 15 workers.
Refreshing native plugins compatible for Editor in 5.13 ms, found 2 plugins.
Preloading 0 native plugins for Editor in 0.00 ms.
Initialize engine version: 2022.3.10f1 (ff3792e53c62)
[Subsystems] Discovering subsystems at path C:/Program Files/Unity/Hub/Editor/2022.3.10f1/Editor/Data/Resources/UnitySubsystems
[Subsystems] Discovering subsystems at path C:/Users/Xavi/Documents/GitHub/Scythe-vs-Hammer/Game/3DAnimation_P2/Assets
GfxDevice: creating device client; threaded=0; jobified=0
Direct3D:
    Version:  Direct3D 11.0 [level 11.1]
    Renderer: NVIDIA GeForce RTX 3060 Ti (ID=0x2486)
    Vendor:   NVIDIA
    VRAM:     8038 MB
    Driver:   31.0.15.4633
Initialize mono
Mono path[0] = 'C:/Program Files/Unity/Hub/Editor/2022.3.10f1/Editor/Data/Managed'
Mono path[1] = 'C:/Program Files/Unity/Hub/Editor/2022.3.10f1/Editor/Data/MonoBleedingEdge/lib/mono/unityjit-win32'
Mono config path = 'C:/Program Files/Unity/Hub/Editor/2022.3.10f1/Editor/Data/MonoBleedingEdge/etc'
Using monoOptions --debugger-agent=transport=dt_socket,embedding=1,server=y,suspend=n,address=127.0.0.1:56180
Begin MonoManager ReloadAssembly
Registering precompiled unity dll's ...
Register platform support module: C:/Program Files/Unity/Hub/Editor/2022.3.10f1/Editor/Data/PlaybackEngines/WindowsStandaloneSupport/UnityEditor.WindowsStandalone.Extensions.dll
Registered in 0.010172 seconds.
- Loaded All Assemblies, in  0.311 seconds
Native extension for WindowsStandalone target not found
Mono: successfully reloaded assembly
- Finished resetting the current domain, in  0.215 seconds
Domain Reload Profiling: 523ms
	BeginReloadAssembly (96ms)
		ExecutionOrderSort (0ms)
		DisableScriptedObjects (0ms)
		BackupInstance (0ms)
		ReleaseScriptingObjects (0ms)
		CreateAndSetChildDomain (1ms)
	RebuildCommonClasses (30ms)
	RebuildNativeTypeToScriptingClass (10ms)
	initialDomainReloadingComplete (56ms)
	LoadAllAssembliesAndSetupDomain (116ms)
		LoadAssemblies (93ms)
		RebuildTransferFunctionScriptingTraits (0ms)
		AnalyzeDomain (114ms)
			TypeCache.Refresh (113ms)
				TypeCache.ScanAssembly (102ms)
			ScanForSourceGeneratedMonoScriptInfo (0ms)
			ResolveRequiredComponents (0ms)
	FinalizeReload (216ms)
		ReleaseScriptCaches (0ms)
		RebuildScriptCaches (0ms)
		SetupLoadedEditorAssemblies (167ms)
			LogAssemblyErrors (0ms)
			InitializePlatformSupportModulesInManaged (10ms)
			SetLoadedEditorAssemblies (7ms)
			RefreshPlugins (0ms)
			BeforeProcessingInitializeOnLoad (2ms)
			ProcessInitializeOnLoadAttributes (108ms)
			ProcessInitializeOnLoadMethodAttributes (41ms)
			AfterProcessingInitializeOnLoad (0ms)
			EditorAssembliesLoaded (0ms)
		ExecutionOrderSort2 (0ms)
		AwakeInstancesAfterBackupRestoration (0ms)
========================================================================
Worker process is ready to serve import requests
Begin MonoManager ReloadAssembly
- Loaded All Assemblies, in  0.467 seconds
Refreshing native plugins compatible for Editor in 2.31 ms, found 2 plugins.
Native extension for WindowsStandalone target not found
Package Manager log level set to [2]
[Package Manager] Server::EnsureServerProcessIsRunning -- launch failed, reason: Unity was launched with the -noUpm command-line argument
[Package Manager] UpmClient::Send -- Unable to send message (not connected to UPM process).
[Package Manager] Cannot connect to Unity Package Manager local server
Mono: successfully reloaded assembly
- Finished resetting the current domain, in  0.482 seconds
Domain Reload Profiling: 946ms
	BeginReloadAssembly (132ms)
		ExecutionOrderSort (0ms)
		DisableScriptedObjects (5ms)
		BackupInstance (0ms)
		ReleaseScriptingObjects (0ms)
		CreateAndSetChildDomain (18ms)
	RebuildCommonClasses (30ms)
	RebuildNativeTypeToScriptingClass (10ms)
	initialDomainReloadingComplete (38ms)
	LoadAllAssembliesAndSetupDomain (253ms)
		LoadAssemblies (240ms)
		RebuildTransferFunctionScriptingTraits (0ms)
		AnalyzeDomain (90ms)
			TypeCache.Refresh (78ms)
				TypeCache.ScanAssembly (67ms)
			ScanForSourceGeneratedMonoScriptInfo (8ms)
			ResolveRequiredComponents (2ms)
	FinalizeReload (483ms)
		ReleaseScriptCaches (0ms)
		RebuildScriptCaches (0ms)
		SetupLoadedEditorAssemblies (367ms)
			LogAssemblyErrors (0ms)
			InitializePlatformSupportModulesInManaged (6ms)
			SetLoadedEditorAssemblies (2ms)
			RefreshPlugins (0ms)
			BeforeProcessingInitializeOnLoad (49ms)
			ProcessInitializeOnLoadAttributes (281ms)
			ProcessInitializeOnLoadMethodAttributes (17ms)
			AfterProcessingInitializeOnLoad (11ms)
			EditorAssembliesLoaded (0ms)
		ExecutionOrderSort2 (0ms)
		AwakeInstancesAfterBackupRestoration (5ms)
Launched and connected shader compiler UnityShaderCompiler.exe after 0.06 seconds
Refreshing native plugins compatible for Editor in 2.77 ms, found 2 plugins.
Preloading 0 native plugins for Editor in 0.00 ms.
Unloading 1923 Unused Serialized files (Serialized files now loaded: 0)
Unloading 41 unused Assets / (1.3 MB). Loaded Objects now: 2383.
Memory consumption went from 100.5 MB to 99.3 MB.
Total: 3.274300 ms (FindLiveObjects: 0.241400 ms CreateObjectMapping: 0.041600 ms MarkObjects: 2.612300 ms  DeleteObjects: 0.377900 ms)

AssetImportParameters requested are different than current active one (requested -> active):
  custom:video-decoder-webm-vp8: 9c59270c3fd7afecdb556c50c9e8de78 -> 
  custom:SearchIndexIgnoredProperties: e643bd26f0fe6173181afceb89e7c659 -> 
  custom:container-demuxer-ogg: 62fdf1f143b41e24485cea50d1cbac27 -> 
  custom:AudioImporter_EditorPlatform: d09bf68614088b80899f8185d706f6e7 -> 
  custom:video-decoder-ogg-theora: a1e56fd34408186e4bbccfd4996cb3dc -> 
  custom:framework-win-MediaFoundation: 216162199b28c13a410421893ffa2e32 -> 
  custom:video-encoder-webm-vp8: eb34c28f22e8b96e1ab97ce403110664 -> 
  custom:audio-decoder-ogg-vorbis: bf7c407c2cedff20999df2af8eb42d56 -> 
  custom:CustomObjectIndexerAttribute: 756ad292c208cfabdd7b50bc23989ffe -> 
  custom:container-demuxer-webm: 4f35f7cbe854078d1ac9338744f61a02 -> 
  custom:audio-encoder-webm-vorbis: bf7c407c2cedff20999df2af8eb42d56 -> 
  custom:container-muxer-webm: aa71ff27fc2769a1b78a27578f13a17b -> 
========================================================================
Received Import Request.
  Time since last request: 33122.816569 seconds.
  path: Assets/Animations/Xavi/Textures/Cloth_low_Normal_OpenGL.png
  artifactKey: Guid(2915b4d1a4cca6749962748c269d9501) Importer(815301076,1909f56bfc062723c751e8b465ee728b)
Start importing Assets/Animations/Xavi/Textures/Cloth_low_Normal_OpenGL.png using Guid(2915b4d1a4cca6749962748c269d9501) Importer(815301076,1909f56bfc062723c751e8b465ee728b)  -> (artifact id: 'aba9f9469551079c389d7296862968f6') in 0.074811 seconds
Number of updated asset objects reloaded before import = 0
Number of asset objects unloaded after import = 2
========================================================================
Received Import Request.
  Time since last request: 0.000014 seconds.
  path: Assets/Animations/Xavi/Textures/Torso_low_Metallic.png
  artifactKey: Guid(132b5f66ee5e1e64589dad08959f3407) Importer(815301076,1909f56bfc062723c751e8b465ee728b)
Start importing Assets/Animations/Xavi/Textures/Torso_low_Metallic.png using Guid(132b5f66ee5e1e64589dad08959f3407) Importer(815301076,1909f56bfc062723c751e8b465ee728b)  -> (artifact id: '8e3ce424e8735d432cc27c0ee19ce910') in 0.023727 seconds
Number of updated asset objects reloaded before import = 0
Number of asset objects unloaded after import = 2
========================================================================
Received Import Request.
  Time since last request: 0.000017 seconds.
  path: Assets/Animations/Xavi/Textures/Torso_low_Roughness.png
  artifactKey: Guid(5520b0e57cd68174da152bb90d60e5f5) Importer(815301076,1909f56bfc062723c751e8b465ee728b)
Start importing Assets/Animations/Xavi/Textures/Torso_low_Roughness.png using Guid(5520b0e57cd68174da152bb90d60e5f5) Importer(815301076,1909f56bfc062723c751e8b465ee728b)  -> (artifact id: '3ac2ad216eb6bbfe260a272a0c49e7a5') in 0.025675 seconds
Number of updated asset objects reloaded before import = 0
Number of asset objects unloaded after import = 2
========================================================================
Received Import Request.
  Time since last request: 0.000061 seconds.
  path: Assets/Animations/Xavi/Textures/Gauntlets_low_Mixed_AO.png
  artifactKey: Guid(188b4240b2f79474486ec386aea3f499) Importer(815301076,1909f56bfc062723c751e8b465ee728b)
Start importing Assets/Animations/Xavi/Textures/Gauntlets_low_Mixed_AO.png using Guid(188b4240b2f79474486ec386aea3f499) Importer(815301076,1909f56bfc062723c751e8b465ee728b)  -> (artifact id: 'cd4d42928660ec9eb677a5c5a7c94ea3') in 0.025039 seconds
Number of updated asset objects reloaded before import = 0
Number of asset objects unloaded after import = 2
========================================================================
Received Import Request.
  Time since last request: 0.000021 seconds.
  path: Assets/Animations/Xavi/Textures/FaceGuts_low_Base_Color.png
  artifactKey: Guid(2feab1ec7a43feb4989a5a86dae9d611) Importer(815301076,1909f56bfc062723c751e8b465ee728b)
Start importing Assets/Animations/Xavi/Textures/FaceGuts_low_Base_Color.png using Guid(2feab1ec7a43feb4989a5a86dae9d611) Importer(815301076,1909f56bfc062723c751e8b465ee728b)  -> (artifact id: 'b47cc003420f5ff4329785abead73318') in 0.023184 seconds
Number of updated asset objects reloaded before import = 0
Number of asset objects unloaded after import = 2
========================================================================
Received Import Request.
  Time since last request: 0.000020 seconds.
  path: Assets/Animations/Xavi/Textures/Gauntlets_low_Base_Color.png
  artifactKey: Guid(258e81e5175bfe34b9c4d7b515162bae) Importer(815301076,1909f56bfc062723c751e8b465ee728b)
Start importing Assets/Animations/Xavi/Textures/Gauntlets_low_Base_Color.png using Guid(258e81e5175bfe34b9c4d7b515162bae) Importer(815301076,1909f56bfc062723c751e8b465ee728b)  -> (artifact id: '59403956aefbb4b117de04cec79c1008') in 0.023117 seconds
Number of updated asset objects reloaded before import = 0
Number of asset objects unloaded after import = 2
========================================================================
Received Import Request.
  Time since last request: 0.000016 seconds.
  path: Assets/Animations/Xavi/Textures/thor_cloth_MAT_Normal_OpenGL.png
  artifactKey: Guid(de16896ee1995be40ac441550b63146f) Importer(815301076,1909f56bfc062723c751e8b465ee728b)
Start importing Assets/Animations/Xavi/Textures/thor_cloth_MAT_Normal_OpenGL.png using Guid(de16896ee1995be40ac441550b63146f) Importer(815301076,1909f56bfc062723c751e8b465ee728b)  -> (artifact id: 'cf01b18c72af3a37496b6e2a4e9bbbaa') in 0.024686 seconds
Number of updated asset objects reloaded before import = 0
Number of asset objects unloaded after import = 2
========================================================================
Received Import Request.
  Time since last request: 0.000019 seconds.
  path: Assets/Animations/Xavi/Textures/thor_cloth_MAT_Base_Color.png
  artifactKey: Guid(28f5e51ca277aaf43b0b0c07d33507cd) Importer(815301076,1909f56bfc062723c751e8b465ee728b)
Start importing Assets/Animations/Xavi/Textures/thor_cloth_MAT_Base_Color.png using Guid(28f5e51ca277aaf43b0b0c07d33507cd) Importer(815301076,1909f56bfc062723c751e8b465ee728b)  -> (artifact id: 'd9aab2bfd629864e7dbf5a962e04a154') in 0.021888 seconds
Number of updated asset objects reloaded before import = 0
Number of asset objects unloaded after import = 2
========================================================================
Received Import Request.
  Time since last request: 42.651682 seconds.
  path: Assets/Animations/Xavi/Textures/Legs_high_Normal_OpenGL.png
  artifactKey: Guid(eac4b920e0d48054bb8b5aaa11dc15d3) Importer(815301076,1909f56bfc062723c751e8b465ee728b)
Start importing Assets/Animations/Xavi/Textures/Legs_high_Normal_OpenGL.png using Guid(eac4b920e0d48054bb8b5aaa11dc15d3) Importer(815301076,1909f56bfc062723c751e8b465ee728b)  -> (artifact id: 'd2cd747bb989429dd1d4e6ec3de027b6') in 0.062690 seconds
Number of updated asset objects reloaded before import = 0
Number of asset objects unloaded after import = 2
========================================================================
Received Import Request.
  Time since last request: 0.000023 seconds.
  path: Assets/Animations/Xavi/Textures/Torso_low_Normal_OpenGL.png
  artifactKey: Guid(549b05e1a23f542418bed4c13bb31c7a) Importer(815301076,1909f56bfc062723c751e8b465ee728b)
Start importing Assets/Animations/Xavi/Textures/Torso_low_Normal_OpenGL.png using Guid(549b05e1a23f542418bed4c13bb31c7a) Importer(815301076,1909f56bfc062723c751e8b465ee728b)  -> (artifact id: '621ddbc255689a60d7cad55f11b34d36') in 0.103652 seconds
Number of updated asset objects reloaded before import = 0
Number of asset objects unloaded after import = 2
========================================================================
Received Import Request.
  Time since last request: 5.901198 seconds.
  path: Assets/Animations/Xavi/LowSlowAttack.fbx
  artifactKey: Guid(6ba5de967c191e94c8fbac8a502faa2c) Importer(815301076,1909f56bfc062723c751e8b465ee728b)
Start importing Assets/Animations/Xavi/LowSlowAttack.fbx using Guid(6ba5de967c191e94c8fbac8a502faa2c) Importer(815301076,1909f56bfc062723c751e8b465ee728b)  -> (artifact id: '3190e993381cb37cee649eddcf052ae3') in 0.560294 seconds
Number of updated asset objects reloaded before import = 0
Number of asset objects unloaded after import = 624
========================================================================
Received Import Request.
  Time since last request: 0.000026 seconds.
  path: Assets/Animations/Xavi/UpperDodge.fbx
  artifactKey: Guid(28eca3e8c78aa534e9b7a1abe1609d80) Importer(815301076,1909f56bfc062723c751e8b465ee728b)
Start importing Assets/Animations/Xavi/UpperDodge.fbx using Guid(28eca3e8c78aa534e9b7a1abe1609d80) Importer(815301076,1909f56bfc062723c751e8b465ee728b)  -> (artifact id: 'cf5bdd28ea8e9611efc29c4e2b783b97') in 0.239858 seconds
Number of updated asset objects reloaded before import = 0
Number of asset objects unloaded after import = 624
Editor requested this worker to shutdown with reason: Scaling down because of idle timeout
TcpMessagingSession - receive error: operation aborted. errorcode: 995, details: La operación de E/S se anuló por una salida de subproceso o por una solicitud de aplicación.
AssetImportWorker is now disconnected from the server
Process exiting
Exiting without the bug reporter. Application will terminate with return code 0