Using pre-set license
Built from '2022.3/staging' branch; Version is '2022.3.10f1 (ff3792e53c62) revision 16725906'; Using compiler version '192829333'; Build Type 'Release'
OS: 'Windows 10  (10.0.19044) 64bit Professional' Language: 'es' Physical Memory: 16309 MB
BatchMode: 1, IsHumanControllingUs: 0, StartBugReporterOnCrash: 0, Is64bit: 1, IsPro: 1

COMMAND LINE ARGUMENTS:
C:\Program Files\Unity\Hub\Editor\2022.3.10f1\Editor\Unity.exe
-adb2
-batchMode
-noUpm
-name
AssetImportWorker7
-projectPath
C:/Users/Xavi/Documents/GitHub/Scythe-vs-Hammer/Game/3DAnimation_P2
-logFile
Logs/AssetImportWorker7.log
-srvPort
56435
Successfully changed project path to: C:/Users/Xavi/Documents/GitHub/Scythe-vs-Hammer/Game/3DAnimation_P2
C:/Users/Xavi/Documents/GitHub/Scythe-vs-Hammer/Game/3DAnimation_P2
[UnityMemory] Configuration Parameters - Can be set up in boot.config
    "memorysetup-bucket-allocator-granularity=16"
    "memorysetup-bucket-allocator-bucket-count=8"
    "memorysetup-bucket-allocator-block-size=33554432"
    "memorysetup-bucket-allocator-block-count=8"
    "memorysetup-main-allocator-block-size=16777216"
    "memorysetup-thread-allocator-block-size=16777216"
    "memorysetup-gfx-main-allocator-block-size=16777216"
    "memorysetup-gfx-thread-allocator-block-size=16777216"
    "memorysetup-cache-allocator-block-size=4194304"
    "memorysetup-typetree-allocator-block-size=2097152"
    "memorysetup-profiler-bucket-allocator-granularity=16"
    "memorysetup-profiler-bucket-allocator-bucket-count=8"
    "memorysetup-profiler-bucket-allocator-block-size=33554432"
    "memorysetup-profiler-bucket-allocator-block-count=8"
    "memorysetup-profiler-allocator-block-size=16777216"
    "memorysetup-profiler-editor-allocator-block-size=1048576"
    "memorysetup-temp-allocator-size-main=16777216"
    "memorysetup-job-temp-allocator-block-size=2097152"
    "memorysetup-job-temp-allocator-block-size-background=1048576"
    "memorysetup-job-temp-allocator-reduction-small-platforms=262144"
    "memorysetup-allocator-temp-initial-block-size-main=262144"
    "memorysetup-allocator-temp-initial-block-size-worker=262144"
    "memorysetup-temp-allocator-size-background-worker=32768"
    "memorysetup-temp-allocator-size-job-worker=262144"
    "memorysetup-temp-allocator-size-preload-manager=33554432"
    "memorysetup-temp-allocator-size-nav-mesh-worker=65536"
    "memorysetup-temp-allocator-size-audio-worker=65536"
    "memorysetup-temp-allocator-size-cloud-worker=32768"
    "memorysetup-temp-allocator-size-gi-baking-worker=262144"
    "memorysetup-temp-allocator-size-gfx=262144"
Player connection [22440] Host "[IP] 192.168.1.131 [Port] 0 [Flags] 2 [Guid] 1654745059 [EditorId] 1654745059 [Version] 1048832 [Id] WindowsEditor(7,DESKTOP-M0JCFSU) [Debug] 1 [PackageName] WindowsEditor [ProjectName] Editor" joined multi-casting on [225.0.0.222:54997]...

Player connection [22440] Host "[IP] 192.168.1.131 [Port] 0 [Flags] 2 [Guid] 1654745059 [EditorId] 1654745059 [Version] 1048832 [Id] WindowsEditor(7,DESKTOP-M0JCFSU) [Debug] 1 [PackageName] WindowsEditor [ProjectName] Editor" joined alternative multi-casting on [225.0.0.222:34997]...

[Physics::Module] Initialized MultithreadedJobDispatcher with 15 workers.
Refreshing native plugins compatible for Editor in 7.64 ms, found 2 plugins.
Preloading 0 native plugins for Editor in 0.00 ms.
Initialize engine version: 2022.3.10f1 (ff3792e53c62)
[Subsystems] Discovering subsystems at path C:/Program Files/Unity/Hub/Editor/2022.3.10f1/Editor/Data/Resources/UnitySubsystems
[Subsystems] Discovering subsystems at path C:/Users/Xavi/Documents/GitHub/Scythe-vs-Hammer/Game/3DAnimation_P2/Assets
GfxDevice: creating device client; threaded=0; jobified=0
Direct3D:
    Version:  Direct3D 11.0 [level 11.1]
    Renderer: NVIDIA GeForce RTX 3060 Ti (ID=0x2486)
    Vendor:   NVIDIA
    VRAM:     8038 MB
    Driver:   31.0.15.4633
Initialize mono
Mono path[0] = 'C:/Program Files/Unity/Hub/Editor/2022.3.10f1/Editor/Data/Managed'
Mono path[1] = 'C:/Program Files/Unity/Hub/Editor/2022.3.10f1/Editor/Data/MonoBleedingEdge/lib/mono/unityjit-win32'
Mono config path = 'C:/Program Files/Unity/Hub/Editor/2022.3.10f1/Editor/Data/MonoBleedingEdge/etc'
Using monoOptions --debugger-agent=transport=dt_socket,embedding=1,server=y,suspend=n,address=127.0.0.1:56332
Begin MonoManager ReloadAssembly
Registering precompiled unity dll's ...
Register platform support module: C:/Program Files/Unity/Hub/Editor/2022.3.10f1/Editor/Data/PlaybackEngines/WindowsStandaloneSupport/UnityEditor.WindowsStandalone.Extensions.dll
Registered in 0.012603 seconds.
- Loaded All Assemblies, in  0.399 seconds
Native extension for WindowsStandalone target not found
Mono: successfully reloaded assembly
- Finished resetting the current domain, in  0.256 seconds
Domain Reload Profiling: 652ms
	BeginReloadAssembly (119ms)
		ExecutionOrderSort (0ms)
		DisableScriptedObjects (0ms)
		BackupInstance (0ms)
		ReleaseScriptingObjects (0ms)
		CreateAndSetChildDomain (1ms)
	RebuildCommonClasses (40ms)
	RebuildNativeTypeToScriptingClass (13ms)
	initialDomainReloadingComplete (69ms)
	LoadAllAssembliesAndSetupDomain (155ms)
		LoadAssemblies (116ms)
		RebuildTransferFunctionScriptingTraits (0ms)
		AnalyzeDomain (153ms)
			TypeCache.Refresh (151ms)
				TypeCache.ScanAssembly (137ms)
			ScanForSourceGeneratedMonoScriptInfo (0ms)
			ResolveRequiredComponents (0ms)
	FinalizeReload (256ms)
		ReleaseScriptCaches (0ms)
		RebuildScriptCaches (0ms)
		SetupLoadedEditorAssemblies (198ms)
			LogAssemblyErrors (0ms)
			InitializePlatformSupportModulesInManaged (10ms)
			SetLoadedEditorAssemblies (6ms)
			RefreshPlugins (0ms)
			BeforeProcessingInitializeOnLoad (2ms)
			ProcessInitializeOnLoadAttributes (127ms)
			ProcessInitializeOnLoadMethodAttributes (52ms)
			AfterProcessingInitializeOnLoad (0ms)
			EditorAssembliesLoaded (0ms)
		ExecutionOrderSort2 (0ms)
		AwakeInstancesAfterBackupRestoration (0ms)
========================================================================
Worker process is ready to serve import requests
Begin MonoManager ReloadAssembly
- Loaded All Assemblies, in  0.533 seconds
Refreshing native plugins compatible for Editor in 2.46 ms, found 2 plugins.
Native extension for WindowsStandalone target not found
Package Manager log level set to [2]
[Package Manager] Server::EnsureServerProcessIsRunning -- launch failed, reason: Unity was launched with the -noUpm command-line argument
[Package Manager] UpmClient::Send -- Unable to send message (not connected to UPM process).
[Package Manager] Cannot connect to Unity Package Manager local server
Mono: successfully reloaded assembly
- Finished resetting the current domain, in  0.576 seconds
Domain Reload Profiling: 1107ms
	BeginReloadAssembly (168ms)
		ExecutionOrderSort (0ms)
		DisableScriptedObjects (7ms)
		BackupInstance (0ms)
		ReleaseScriptingObjects (0ms)
		CreateAndSetChildDomain (25ms)
	RebuildCommonClasses (37ms)
	RebuildNativeTypeToScriptingClass (11ms)
	initialDomainReloadingComplete (43ms)
	LoadAllAssembliesAndSetupDomain (271ms)
		LoadAssemblies (272ms)
		RebuildTransferFunctionScriptingTraits (0ms)
		AnalyzeDomain (97ms)
			TypeCache.Refresh (85ms)
				TypeCache.ScanAssembly (72ms)
			ScanForSourceGeneratedMonoScriptInfo (9ms)
			ResolveRequiredComponents (2ms)
	FinalizeReload (577ms)
		ReleaseScriptCaches (0ms)
		RebuildScriptCaches (0ms)
		SetupLoadedEditorAssemblies (435ms)
			LogAssemblyErrors (0ms)
			InitializePlatformSupportModulesInManaged (8ms)
			SetLoadedEditorAssemblies (3ms)
			RefreshPlugins (0ms)
			BeforeProcessingInitializeOnLoad (55ms)
			ProcessInitializeOnLoadAttributes (334ms)
			ProcessInitializeOnLoadMethodAttributes (22ms)
			AfterProcessingInitializeOnLoad (14ms)
			EditorAssembliesLoaded (0ms)
		ExecutionOrderSort2 (0ms)
		AwakeInstancesAfterBackupRestoration (6ms)
Launched and connected shader compiler UnityShaderCompiler.exe after 0.06 seconds
Refreshing native plugins compatible for Editor in 3.05 ms, found 2 plugins.
Preloading 0 native plugins for Editor in 0.00 ms.
Unloading 1923 Unused Serialized files (Serialized files now loaded: 0)
Unloading 41 unused Assets / (1.3 MB). Loaded Objects now: 2383.
Memory consumption went from 100.9 MB to 99.6 MB.
Total: 3.873600 ms (FindLiveObjects: 0.187800 ms CreateObjectMapping: 0.044000 ms MarkObjects: 3.260900 ms  DeleteObjects: 0.378700 ms)

AssetImportParameters requested are different than current active one (requested -> active):
  custom:video-decoder-webm-vp8: 9c59270c3fd7afecdb556c50c9e8de78 -> 
  custom:SearchIndexIgnoredProperties: e643bd26f0fe6173181afceb89e7c659 -> 
  custom:container-demuxer-ogg: 62fdf1f143b41e24485cea50d1cbac27 -> 
  custom:AudioImporter_EditorPlatform: d09bf68614088b80899f8185d706f6e7 -> 
  custom:video-decoder-ogg-theora: a1e56fd34408186e4bbccfd4996cb3dc -> 
  custom:framework-win-MediaFoundation: 216162199b28c13a410421893ffa2e32 -> 
  custom:video-encoder-webm-vp8: eb34c28f22e8b96e1ab97ce403110664 -> 
  custom:audio-decoder-ogg-vorbis: bf7c407c2cedff20999df2af8eb42d56 -> 
  custom:CustomObjectIndexerAttribute: 756ad292c208cfabdd7b50bc23989ffe -> 
  custom:container-demuxer-webm: 4f35f7cbe854078d1ac9338744f61a02 -> 
  custom:audio-encoder-webm-vorbis: bf7c407c2cedff20999df2af8eb42d56 -> 
  custom:container-muxer-webm: aa71ff27fc2769a1b78a27578f13a17b -> 
========================================================================
Received Import Request.
  Time since last request: 43136.392966 seconds.
  path: Assets/KY_effects/MagicEffectsPackFree/Materials/explosion_4x4.mat
  artifactKey: Guid(5828939ec5a714aa4abaa58bcaccc1e7) Importer(2089858483,0ecaa5967403d082aa24f35e1b516d23)
Start importing Assets/KY_effects/MagicEffectsPackFree/Materials/explosion_4x4.mat using Guid(5828939ec5a714aa4abaa58bcaccc1e7) Importer(2089858483,0ecaa5967403d082aa24f35e1b516d23)  -> (artifact id: '7653c216194969c14f3ed14090997655') in 0.126413 seconds
Number of updated asset objects reloaded before import = 0
Number of asset objects unloaded after import = 2
========================================================================
Received Import Request.
  Time since last request: 0.000029 seconds.
  path: Assets/Animations/Xavi/Textures/thor_skin_MAT.mat
  artifactKey: Guid(9e95a841a73dedc45ace4acec8748905) Importer(2089858483,0ecaa5967403d082aa24f35e1b516d23)
Start importing Assets/Animations/Xavi/Textures/thor_skin_MAT.mat using Guid(9e95a841a73dedc45ace4acec8748905) Importer(2089858483,0ecaa5967403d082aa24f35e1b516d23)  -> (artifact id: '647c975524220e9660ad2a40bf30d130') in 0.025264 seconds
Number of updated asset objects reloaded before import = 0
Number of asset objects unloaded after import = 1
========================================================================
Received Import Request.
  Time since last request: 0.000024 seconds.
  path: Assets/KY_effects/MagicEffectsPackFree/prefab/ErekiBall2.prefab
  artifactKey: Guid(200e650fba6c8492b87e96e4bc273510) Importer(2089858483,0ecaa5967403d082aa24f35e1b516d23)
Start importing Assets/KY_effects/MagicEffectsPackFree/prefab/ErekiBall2.prefab using Guid(200e650fba6c8492b87e96e4bc273510) Importer(2089858483,0ecaa5967403d082aa24f35e1b516d23)  -> (artifact id: '92c202a0ff653933d6703498045273b7') in 0.098014 seconds
Number of updated asset objects reloaded before import = 0
Number of asset objects unloaded after import = 13
========================================================================
Received Import Request.
  Time since last request: 0.000022 seconds.
  path: Assets/Animations/Xavi/Textures/pink_MAT.mat
  artifactKey: Guid(76b107f0511a94044b7054a58e327307) Importer(2089858483,0ecaa5967403d082aa24f35e1b516d23)
Start importing Assets/Animations/Xavi/Textures/pink_MAT.mat using Guid(76b107f0511a94044b7054a58e327307) Importer(2089858483,0ecaa5967403d082aa24f35e1b516d23)  -> (artifact id: '59f0f1c2b4f6f299d6795ec98f9e3975') in 0.014956 seconds
Number of updated asset objects reloaded before import = 0
Number of asset objects unloaded after import = 1
========================================================================
Received Import Request.
  Time since last request: 0.000015 seconds.
  path: Assets/KY_effects/MagicEffectsPackFree/prefab/00_primitive/ErekiBall.prefab
  artifactKey: Guid(769fbd11a7ef2445682e024c98c276b5) Importer(2089858483,0ecaa5967403d082aa24f35e1b516d23)
Start importing Assets/KY_effects/MagicEffectsPackFree/prefab/00_primitive/ErekiBall.prefab using Guid(769fbd11a7ef2445682e024c98c276b5) Importer(2089858483,0ecaa5967403d082aa24f35e1b516d23)  -> (artifact id: 'b27c07a3cf4bd11b502da95f6216d437') in 0.060590 seconds
Number of updated asset objects reloaded before import = 0
Number of asset objects unloaded after import = 14
========================================================================
Received Import Request.
  Time since last request: 0.000018 seconds.
  path: Assets/Animations/Xavi/Die.fbx
  artifactKey: Guid(8b1d0289a331e0544a704bed28366056) Importer(2089858483,0ecaa5967403d082aa24f35e1b516d23)
Start importing Assets/Animations/Xavi/Die.fbx using Guid(8b1d0289a331e0544a704bed28366056) Importer(2089858483,0ecaa5967403d082aa24f35e1b516d23)  -> (artifact id: 'b5f126f59724e9230c865b2b48a15c91') in 0.082151 seconds
Number of updated asset objects reloaded before import = 0
Number of asset objects unloaded after import = 591
========================================================================
Received Import Request.
  Time since last request: 0.000017 seconds.
  path: Assets/MiniGames/TaikoDrums/Environment/Arena/Textures/Wall/Roca1.jpg
  artifactKey: Guid(3b7a410e9cd23fc488bd84bf77737006) Importer(2089858483,0ecaa5967403d082aa24f35e1b516d23)
Start importing Assets/MiniGames/TaikoDrums/Environment/Arena/Textures/Wall/Roca1.jpg using Guid(3b7a410e9cd23fc488bd84bf77737006) Importer(2089858483,0ecaa5967403d082aa24f35e1b516d23)  -> (artifact id: '972e96d5b50da1a24acddf00fa7a9f2e') in 0.059436 seconds
Number of updated asset objects reloaded before import = 0
Number of asset objects unloaded after import = 1
========================================================================
Received Import Request.
  Time since last request: 0.000029 seconds.
  path: Assets/MiniGames/TaikoDrums/Environment/Arena/Textures/Wall/Ladrillo2.jpg
  artifactKey: Guid(3089457e93b84c34b8d307675937e148) Importer(2089858483,0ecaa5967403d082aa24f35e1b516d23)
Start importing Assets/MiniGames/TaikoDrums/Environment/Arena/Textures/Wall/Ladrillo2.jpg using Guid(3089457e93b84c34b8d307675937e148) Importer(2089858483,0ecaa5967403d082aa24f35e1b516d23)  -> (artifact id: 'bf2a8dd0ba7fbed19c64df24b8127da6') in 0.030951 seconds
Number of updated asset objects reloaded before import = 0
Number of asset objects unloaded after import = 1
========================================================================
Received Import Request.
  Time since last request: 0.000020 seconds.
  path: Assets/MiniGames/TaikoDrums/Environment/Arena/Meshes/BrokenWall_straight.FBX
  artifactKey: Guid(6d73893a6cf272144a2e7bb696e572a2) Importer(2089858483,0ecaa5967403d082aa24f35e1b516d23)
Start importing Assets/MiniGames/TaikoDrums/Environment/Arena/Meshes/BrokenWall_straight.FBX using Guid(6d73893a6cf272144a2e7bb696e572a2) Importer(2089858483,0ecaa5967403d082aa24f35e1b516d23)  -> (artifact id: 'a518fb3328ca306924bc76caafd23c31') in 0.038739 seconds
Number of updated asset objects reloaded before import = 0
Number of asset objects unloaded after import = 59
========================================================================
Received Import Request.
  Time since last request: 0.000014 seconds.
  path: Assets/MiniGames/TaikoDrums/Environment/Arena/Textures/House/Tex_1755_0.png
  artifactKey: Guid(252f6837fb235d74dac5f60a85fd7218) Importer(2089858483,0ecaa5967403d082aa24f35e1b516d23)
Start importing Assets/MiniGames/TaikoDrums/Environment/Arena/Textures/House/Tex_1755_0.png using Guid(252f6837fb235d74dac5f60a85fd7218) Importer(2089858483,0ecaa5967403d082aa24f35e1b516d23)  -> (artifact id: 'e9290aa5c31cf75120b5e682bb9d3adb') in 0.031387 seconds
Number of updated asset objects reloaded before import = 0
Number of asset objects unloaded after import = 1
========================================================================
Received Import Request.
  Time since last request: 0.000014 seconds.
  path: Assets/MiniGames/TaikoDrums/Environment/Arena/Textures/Temple_V2/Low_Temple_&_Entrance_Temple_Material1_Normal.png
  artifactKey: Guid(71cb46b719fb911438465a53c0857aff) Importer(2089858483,0ecaa5967403d082aa24f35e1b516d23)
Start importing Assets/MiniGames/TaikoDrums/Environment/Arena/Textures/Temple_V2/Low_Temple_&_Entrance_Temple_Material1_Normal.png using Guid(71cb46b719fb911438465a53c0857aff) Importer(2089858483,0ecaa5967403d082aa24f35e1b516d23)  -> (artifact id: '28cc41820a39366c697ac5eeea1cbb1f') in 0.033936 seconds
Number of updated asset objects reloaded before import = 0
Number of asset objects unloaded after import = 1
========================================================================
Received Import Request.
  Time since last request: 0.000017 seconds.
  path: Assets/MiniGames/TaikoDrums/Environment/Arena/Textures/House/Tex_17453_0.png
  artifactKey: Guid(a139f49a659ea99429d1b8646795e574) Importer(2089858483,0ecaa5967403d082aa24f35e1b516d23)
Start importing Assets/MiniGames/TaikoDrums/Environment/Arena/Textures/House/Tex_17453_0.png using Guid(a139f49a659ea99429d1b8646795e574) Importer(2089858483,0ecaa5967403d082aa24f35e1b516d23)  -> (artifact id: '5debfac3a5d965565b6017c9101ef773') in 0.031136 seconds
Number of updated asset objects reloaded before import = 0
Number of asset objects unloaded after import = 1
========================================================================
Received Import Request.
  Time since last request: 0.000041 seconds.
  path: Assets/MiniGames/TaikoDrums/Environment/Arena/Textures/Temple_V2/Low_Temple_&_Entrance_Entrance_Material1_Normal.png
  artifactKey: Guid(a27a17a774da1474d821cc3ada517478) Importer(2089858483,0ecaa5967403d082aa24f35e1b516d23)
Start importing Assets/MiniGames/TaikoDrums/Environment/Arena/Textures/Temple_V2/Low_Temple_&_Entrance_Entrance_Material1_Normal.png using Guid(a27a17a774da1474d821cc3ada517478) Importer(2089858483,0ecaa5967403d082aa24f35e1b516d23)  -> (artifact id: '976dba5434c3eadac42245621786abfc') in 0.034083 seconds
Number of updated asset objects reloaded before import = 0
Number of asset objects unloaded after import = 1
========================================================================
Received Import Request.
  Time since last request: 0.000017 seconds.
  path: Assets/KY_effects/MagicEffectsPackFree/ReadMe.txt
  artifactKey: Guid(a4beca48fbfc748c9a59cbf5c21fd6c6) Importer(2089858483,0ecaa5967403d082aa24f35e1b516d23)
Start importing Assets/KY_effects/MagicEffectsPackFree/ReadMe.txt using Guid(a4beca48fbfc748c9a59cbf5c21fd6c6) Importer(2089858483,0ecaa5967403d082aa24f35e1b516d23)  -> (artifact id: 'eba1fb15727bd188e92309afeee7ef16') in 0.011006 seconds
Number of updated asset objects reloaded before import = 0
Number of asset objects unloaded after import = 1
========================================================================
Received Import Request.
  Time since last request: 0.000028 seconds.
  path: Assets/Plugins/Allsky/Fantasy/Fantasy Night/Sky_FantasySky_Night1_Cam_3_Right-X.png
  artifactKey: Guid(b67aadfd0fb6142d081b99c98b6b5cbe) Importer(2089858483,0ecaa5967403d082aa24f35e1b516d23)
Start importing Assets/Plugins/Allsky/Fantasy/Fantasy Night/Sky_FantasySky_Night1_Cam_3_Right-X.png using Guid(b67aadfd0fb6142d081b99c98b6b5cbe) Importer(2089858483,0ecaa5967403d082aa24f35e1b516d23)  -> (artifact id: 'bf3c997d8b922d9bc7f6a52f65d66ec8') in 0.035002 seconds
Number of updated asset objects reloaded before import = 0
Number of asset objects unloaded after import = 1
========================================================================
Received Import Request.
  Time since last request: 0.000012 seconds.
  path: Assets/Animations/Joan/AttackSlow_AZRI.fbx
  artifactKey: Guid(9c82db075d12c4b4b9675a2b75c6cdc4) Importer(2089858483,0ecaa5967403d082aa24f35e1b516d23)
Start importing Assets/Animations/Joan/AttackSlow_AZRI.fbx using Guid(9c82db075d12c4b4b9675a2b75c6cdc4) Importer(2089858483,0ecaa5967403d082aa24f35e1b516d23)  -> (artifact id: '0aca3b3550c0528bc64a45332c569fd7') in 0.084251 seconds
Number of updated asset objects reloaded before import = 0
Number of asset objects unloaded after import = 543
========================================================================
Received Import Request.
  Time since last request: 0.000020 seconds.
  path: Assets/Animations/Joan/textures/Azri_Body_Albedo.tga
  artifactKey: Guid(ba6002cd81c513348ac7d4496b85c547) Importer(2089858483,0ecaa5967403d082aa24f35e1b516d23)
Start importing Assets/Animations/Joan/textures/Azri_Body_Albedo.tga using Guid(ba6002cd81c513348ac7d4496b85c547) Importer(2089858483,0ecaa5967403d082aa24f35e1b516d23)  -> (artifact id: '2ea298e71bf56bd0112fc723eb6a4d55') in 0.036478 seconds
Number of updated asset objects reloaded before import = 0
Number of asset objects unloaded after import = 1
========================================================================
Received Import Request.
  Time since last request: 0.000019 seconds.
  path: Assets/KY_effects/MagicEffectsPackFree/Textures/dust_b.png
  artifactKey: Guid(68ccf2e0677824ab882b94fa7c3144cd) Importer(2089858483,0ecaa5967403d082aa24f35e1b516d23)
Start importing Assets/KY_effects/MagicEffectsPackFree/Textures/dust_b.png using Guid(68ccf2e0677824ab882b94fa7c3144cd) Importer(2089858483,0ecaa5967403d082aa24f35e1b516d23)  -> (artifact id: 'c276030edceffdf73aca3493bcf37132') in 0.035668 seconds
Number of updated asset objects reloaded before import = 0
Number of asset objects unloaded after import = 1
========================================================================
Received Import Request.
  Time since last request: 0.000024 seconds.
  path: Assets/Scenes/GameLevel/ReflectionProbe-0.exr
  artifactKey: Guid(3e31eb60e60baf644b7cbb1b41072ac3) Importer(2089858483,0ecaa5967403d082aa24f35e1b516d23)
Start importing Assets/Scenes/GameLevel/ReflectionProbe-0.exr using Guid(3e31eb60e60baf644b7cbb1b41072ac3) Importer(2089858483,0ecaa5967403d082aa24f35e1b516d23)  -> (artifact id: 'ccd97953826dc8bffead194f7d1c3d66') in 0.043756 seconds
Number of updated asset objects reloaded before import = 0
Number of asset objects unloaded after import = 1
========================================================================
Received Import Request.
  Time since last request: 0.000017 seconds.
  path: Assets/KY_effects/MagicEffectsPackFree/Textures/skill_sw_4x2.png
  artifactKey: Guid(0439a29542b994b20b7df6f9662b999d) Importer(2089858483,0ecaa5967403d082aa24f35e1b516d23)
Start importing Assets/KY_effects/MagicEffectsPackFree/Textures/skill_sw_4x2.png using Guid(0439a29542b994b20b7df6f9662b999d) Importer(2089858483,0ecaa5967403d082aa24f35e1b516d23)  -> (artifact id: '9db9731e6589e51bbb40858ccbbae346') in 0.032197 seconds
Number of updated asset objects reloaded before import = 0
Number of asset objects unloaded after import = 1
========================================================================
Received Import Request.
  Time since last request: 0.000035 seconds.
  path: Assets/Animations/Xavi/Textures/Gauntlets_low_Roughness.png
  artifactKey: Guid(2dd7b918a7c5ef249b6ec5615f85c712) Importer(2089858483,0ecaa5967403d082aa24f35e1b516d23)
Start importing Assets/Animations/Xavi/Textures/Gauntlets_low_Roughness.png using Guid(2dd7b918a7c5ef249b6ec5615f85c712) Importer(2089858483,0ecaa5967403d082aa24f35e1b516d23)  -> (artifact id: '16a3bae3c4931661108ee5e7e8f36648') in 0.035077 seconds
Number of updated asset objects reloaded before import = 0
Number of asset objects unloaded after import = 1
========================================================================
Received Import Request.
  Time since last request: 0.000019 seconds.
  path: Assets/MiniGames/TaikoDrums/Environment/Arena/Materials/m_top.mat
  artifactKey: Guid(4581d7881ec8d2b429eb85e15fac29db) Importer(2089858483,0ecaa5967403d082aa24f35e1b516d23)
Start importing Assets/MiniGames/TaikoDrums/Environment/Arena/Materials/m_top.mat using Guid(4581d7881ec8d2b429eb85e15fac29db) Importer(2089858483,0ecaa5967403d082aa24f35e1b516d23)  -> (artifact id: '578e303c8fb540317e24be9e9aef9ae7') in 0.016193 seconds
Number of updated asset objects reloaded before import = 0
Number of asset objects unloaded after import = 2
========================================================================
Received Import Request.
  Time since last request: 0.000025 seconds.
  path: Assets/Scenes/SampleScene/Lightmap-1_comp_shadowmask.png
  artifactKey: Guid(cdf61da89d0c643428299f1800080477) Importer(2089858483,0ecaa5967403d082aa24f35e1b516d23)
Start importing Assets/Scenes/SampleScene/Lightmap-1_comp_shadowmask.png using Guid(cdf61da89d0c643428299f1800080477) Importer(2089858483,0ecaa5967403d082aa24f35e1b516d23)  -> (artifact id: 'b9065e27edfad0eac6a8394747db8fe7') in 0.035217 seconds
Number of updated asset objects reloaded before import = 0
Number of asset objects unloaded after import = 1
========================================================================
Received Import Request.
  Time since last request: 0.000046 seconds.
  path: Assets/KY_effects/MagicEffectsPackFree/Textures/skill_sw_4x3.png
  artifactKey: Guid(ed268586bf3534bdc8732c363cccd3bc) Importer(2089858483,0ecaa5967403d082aa24f35e1b516d23)
Start importing Assets/KY_effects/MagicEffectsPackFree/Textures/skill_sw_4x3.png using Guid(ed268586bf3534bdc8732c363cccd3bc) Importer(2089858483,0ecaa5967403d082aa24f35e1b516d23)  -> (artifact id: '4452c0d1af29651c5922f512f2e49a1f') in 0.034612 seconds
Number of updated asset objects reloaded before import = 0
Number of asset objects unloaded after import = 1
========================================================================
Received Import Request.
  Time since last request: 0.000033 seconds.
  path: Assets/MiniGames/TaikoDrums/Environment/Arena/Materials/Temple_Entrance_Dragon_Tatami_Entrance_Material2.mat
  artifactKey: Guid(da5f1ad8453561145b2b54e7c736cee8) Importer(2089858483,0ecaa5967403d082aa24f35e1b516d23)
Start importing Assets/MiniGames/TaikoDrums/Environment/Arena/Materials/Temple_Entrance_Dragon_Tatami_Entrance_Material2.mat using Guid(da5f1ad8453561145b2b54e7c736cee8) Importer(2089858483,0ecaa5967403d082aa24f35e1b516d23)  -> (artifact id: 'e25d35cf826a81d6d10b2dc95514e759') in 0.022297 seconds
Number of updated asset objects reloaded before import = 0
Number of asset objects unloaded after import = 4
========================================================================
Received Import Request.
  Time since last request: 0.000022 seconds.
  path: Assets/Scenes/SampleScene/Lightmap-0_comp_dir.png
  artifactKey: Guid(7f836ca509d46a4479ae9398fa59d531) Importer(2089858483,0ecaa5967403d082aa24f35e1b516d23)
Start importing Assets/Scenes/SampleScene/Lightmap-0_comp_dir.png using Guid(7f836ca509d46a4479ae9398fa59d531) Importer(2089858483,0ecaa5967403d082aa24f35e1b516d23)  -> (artifact id: '090c904194ce08fc6af37fe6ec4c277d') in 0.038329 seconds
Number of updated asset objects reloaded before import = 0
Number of asset objects unloaded after import = 1
========================================================================
Received Import Request.
  Time since last request: 0.000019 seconds.
  path: Assets/MiniGames/TaikoDrums/Environment/Arena/Textures/FullMoon.png
  artifactKey: Guid(06ef07ea73f74d14ba4c8b4f9090ea69) Importer(2089858483,0ecaa5967403d082aa24f35e1b516d23)
Start importing Assets/MiniGames/TaikoDrums/Environment/Arena/Textures/FullMoon.png using Guid(06ef07ea73f74d14ba4c8b4f9090ea69) Importer(2089858483,0ecaa5967403d082aa24f35e1b516d23)  -> (artifact id: '3a5a88a5d6a1c48418b8baa9821c15a0') in 0.032708 seconds
Number of updated asset objects reloaded before import = 0
Number of asset objects unloaded after import = 1
========================================================================
Received Import Request.
  Time since last request: 0.000024 seconds.
  path: Assets/Plugins/Allsky/Fantasy/Fantasy Night/Sky_FantasySky_Night1_Cam_0_Front+Z.png
  artifactKey: Guid(4f1a0a2e502f541b6896cdeb07830f67) Importer(2089858483,0ecaa5967403d082aa24f35e1b516d23)
Start importing Assets/Plugins/Allsky/Fantasy/Fantasy Night/Sky_FantasySky_Night1_Cam_0_Front+Z.png using Guid(4f1a0a2e502f541b6896cdeb07830f67) Importer(2089858483,0ecaa5967403d082aa24f35e1b516d23)  -> (artifact id: '4e1fa8f88f4a3a0ade0023ce56650604') in 0.040217 seconds
Number of updated asset objects reloaded before import = 0
Number of asset objects unloaded after import = 1
========================================================================
Received Import Request.
  Time since last request: 0.000028 seconds.
  path: Assets/KY_effects/MagicEffectsPackFree/Materials/spark00.mat
  artifactKey: Guid(e5c21b71466e14fb4ba9191442c35382) Importer(2089858483,0ecaa5967403d082aa24f35e1b516d23)
Start importing Assets/KY_effects/MagicEffectsPackFree/Materials/spark00.mat using Guid(e5c21b71466e14fb4ba9191442c35382) Importer(2089858483,0ecaa5967403d082aa24f35e1b516d23)  -> (artifact id: 'fe102bfc88b9d94ff27636088412d16f') in 0.014267 seconds
Number of updated asset objects reloaded before import = 0
Number of asset objects unloaded after import = 2
========================================================================
Received Import Request.
  Time since last request: 0.000037 seconds.
  path: Assets/MiniGames/TaikoDrums/Environment/Arena/Materials/Tex_2040_0.dds.mat
  artifactKey: Guid(414b69a4964cf7a4da3ba6052682537d) Importer(2089858483,0ecaa5967403d082aa24f35e1b516d23)
Start importing Assets/MiniGames/TaikoDrums/Environment/Arena/Materials/Tex_2040_0.dds.mat using Guid(414b69a4964cf7a4da3ba6052682537d) Importer(2089858483,0ecaa5967403d082aa24f35e1b516d23)  -> (artifact id: 'c00a4bbc91a231385111f7c5e4518e86') in 0.015631 seconds
Number of updated asset objects reloaded before import = 0
Number of asset objects unloaded after import = 2
========================================================================
Received Import Request.
  Time since last request: 0.000016 seconds.
  path: Assets/Animations/Xavi/Textures/Gauntlets_low_Metallic.png
  artifactKey: Guid(83d80f882821f354b8c6a79420cbf01e) Importer(2089858483,0ecaa5967403d082aa24f35e1b516d23)
Start importing Assets/Animations/Xavi/Textures/Gauntlets_low_Metallic.png using Guid(83d80f882821f354b8c6a79420cbf01e) Importer(2089858483,0ecaa5967403d082aa24f35e1b516d23)  -> (artifact id: 'bc67b899765e132db387d3b7566e36ef') in 0.029240 seconds
Number of updated asset objects reloaded before import = 0
Number of asset objects unloaded after import = 1
========================================================================
Received Prepare
Begin MonoManager ReloadAssembly
- Loaded All Assemblies, in  2.088 seconds
Refreshing native plugins compatible for Editor in 2.75 ms, found 2 plugins.
Native extension for WindowsStandalone target not found
[Package Manager] Server::EnsureServerProcessIsRunning -- launch failed, reason: Unity was launched with the -noUpm command-line argument
[Package Manager] UpmClient::Send -- Unable to send message (not connected to UPM process).
[Package Manager] Cannot connect to Unity Package Manager local server
Mono: successfully reloaded assembly
- Finished resetting the current domain, in  5.362 seconds
Domain Reload Profiling: 7446ms
	BeginReloadAssembly (138ms)
		ExecutionOrderSort (0ms)
		DisableScriptedObjects (5ms)
		BackupInstance (0ms)
		ReleaseScriptingObjects (0ms)
		CreateAndSetChildDomain (25ms)
	RebuildCommonClasses (30ms)
	RebuildNativeTypeToScriptingClass (10ms)
	initialDomainReloadingComplete (28ms)
	LoadAllAssembliesAndSetupDomain (1878ms)
		LoadAssemblies (1949ms)
		RebuildTransferFunctionScriptingTraits (0ms)
		AnalyzeDomain (8ms)
			TypeCache.Refresh (4ms)
				TypeCache.ScanAssembly (0ms)
			ScanForSourceGeneratedMonoScriptInfo (0ms)
			ResolveRequiredComponents (3ms)
	FinalizeReload (5362ms)
		ReleaseScriptCaches (0ms)
		RebuildScriptCaches (0ms)
		SetupLoadedEditorAssemblies (399ms)
			LogAssemblyErrors (0ms)
			InitializePlatformSupportModulesInManaged (8ms)
			SetLoadedEditorAssemblies (3ms)
			RefreshPlugins (0ms)
			BeforeProcessingInitializeOnLoad (57ms)
			ProcessInitializeOnLoadAttributes (301ms)
			ProcessInitializeOnLoadMethodAttributes (20ms)
			AfterProcessingInitializeOnLoad (10ms)
			EditorAssembliesLoaded (0ms)
		ExecutionOrderSort2 (0ms)
		AwakeInstancesAfterBackupRestoration (7ms)
Refreshing native plugins compatible for Editor in 2.90 ms, found 2 plugins.
Preloading 0 native plugins for Editor in 0.00 ms.
Unloading 1889 Unused Serialized files (Serialized files now loaded: 0)
Unloading 29 unused Assets / (1.3 MB). Loaded Objects now: 2386.
Memory consumption went from 93.5 MB to 92.3 MB.
Total: 3.388400 ms (FindLiveObjects: 0.177400 ms CreateObjectMapping: 0.042200 ms MarkObjects: 2.871700 ms  DeleteObjects: 0.296500 ms)

Prepare: number of updated asset objects reloaded= 0
AssetImportParameters requested are different than current active one (requested -> active):
  custom:video-decoder-webm-vp8: 9c59270c3fd7afecdb556c50c9e8de78 -> 
  custom:SearchIndexIgnoredProperties: e643bd26f0fe6173181afceb89e7c659 -> 
  custom:container-demuxer-ogg: 62fdf1f143b41e24485cea50d1cbac27 -> 
  custom:AudioImporter_EditorPlatform: d09bf68614088b80899f8185d706f6e7 -> 
  custom:video-decoder-ogg-theora: a1e56fd34408186e4bbccfd4996cb3dc -> 
  custom:framework-win-MediaFoundation: 216162199b28c13a410421893ffa2e32 -> 
  custom:video-encoder-webm-vp8: eb34c28f22e8b96e1ab97ce403110664 -> 
  custom:audio-decoder-ogg-vorbis: bf7c407c2cedff20999df2af8eb42d56 -> 
  custom:CustomObjectIndexerAttribute: 756ad292c208cfabdd7b50bc23989ffe -> 
  custom:container-demuxer-webm: 4f35f7cbe854078d1ac9338744f61a02 -> 
  custom:audio-encoder-webm-vorbis: bf7c407c2cedff20999df2af8eb42d56 -> 
  custom:container-muxer-webm: aa71ff27fc2769a1b78a27578f13a17b -> 
========================================================================
Received Import Request.
  Time since last request: 1375.990924 seconds.
  path: Assets/Scenes/GameLevel/Lightmap-0_comp_light.exr
  artifactKey: Guid(6bd6731b93607ef4f96d850da6e8a37f) Importer(815301076,1909f56bfc062723c751e8b465ee728b)
Start importing Assets/Scenes/GameLevel/Lightmap-0_comp_light.exr using Guid(6bd6731b93607ef4f96d850da6e8a37f) Importer(815301076,1909f56bfc062723c751e8b465ee728b)  -> (artifact id: 'e7d4bc7b5940e0de6dfa72d5c5098c08') in 0.082183 seconds
Number of updated asset objects reloaded before import = 0
Number of asset objects unloaded after import = 2
========================================================================
Received Import Request.
  Time since last request: 0.000021 seconds.
  path: Assets/Scenes/GameLevel/ReflectionProbe-0.exr
  artifactKey: Guid(3e31eb60e60baf644b7cbb1b41072ac3) Importer(815301076,1909f56bfc062723c751e8b465ee728b)
Start importing Assets/Scenes/GameLevel/ReflectionProbe-0.exr using Guid(3e31eb60e60baf644b7cbb1b41072ac3) Importer(815301076,1909f56bfc062723c751e8b465ee728b)  -> (artifact id: '2f9092f5cb4182d3b245413b8091d3aa') in 0.031965 seconds
Number of updated asset objects reloaded before import = 0
Number of asset objects unloaded after import = 1
========================================================================
Received Import Request.
  Time since last request: 1.354929 seconds.
  path: Assets/Scenes/SampleScene/Lightmap-0_comp_dir.png
  artifactKey: Guid(7f836ca509d46a4479ae9398fa59d531) Importer(815301076,1909f56bfc062723c751e8b465ee728b)
Start importing Assets/Scenes/SampleScene/Lightmap-0_comp_dir.png using Guid(7f836ca509d46a4479ae9398fa59d531) Importer(815301076,1909f56bfc062723c751e8b465ee728b)  -> (artifact id: 'eab0c63aae2afeb91c424d9de611d189') in 0.028632 seconds
Number of updated asset objects reloaded before import = 0
Number of asset objects unloaded after import = 2
========================================================================
Received Import Request.
  Time since last request: 0.011870 seconds.
  path: Assets/Scenes/SampleScene/Lightmap-0_comp_shadowmask.png
  artifactKey: Guid(4e88d0f8f16f2b24093e14ff86a3c520) Importer(815301076,1909f56bfc062723c751e8b465ee728b)
Start importing Assets/Scenes/SampleScene/Lightmap-0_comp_shadowmask.png using Guid(4e88d0f8f16f2b24093e14ff86a3c520) Importer(815301076,1909f56bfc062723c751e8b465ee728b)  -> (artifact id: 'e3c3e48e018afcf5dd69a64e638a5915') in 0.032144 seconds
Number of updated asset objects reloaded before import = 0
Number of asset objects unloaded after import = 2
========================================================================
Received Import Request.
  Time since last request: 0.000016 seconds.
  path: Assets/Scenes/SampleScene/Lightmap-1_comp_shadowmask.png
  artifactKey: Guid(cdf61da89d0c643428299f1800080477) Importer(815301076,1909f56bfc062723c751e8b465ee728b)
Start importing Assets/Scenes/SampleScene/Lightmap-1_comp_shadowmask.png using Guid(cdf61da89d0c643428299f1800080477) Importer(815301076,1909f56bfc062723c751e8b465ee728b)  -> (artifact id: '8b593929c34755ccc7e8053b948c0c84') in 0.032885 seconds
Number of updated asset objects reloaded before import = 0
Number of asset objects unloaded after import = 2
========================================================================
Received Import Request.
  Time since last request: 0.000018 seconds.
  path: Assets/Scenes/SampleScene/Lightmap-2_comp_light.exr
  artifactKey: Guid(f4650601d0d05ca4490b9379cff19f55) Importer(815301076,1909f56bfc062723c751e8b465ee728b)
Start importing Assets/Scenes/SampleScene/Lightmap-2_comp_light.exr using Guid(f4650601d0d05ca4490b9379cff19f55) Importer(815301076,1909f56bfc062723c751e8b465ee728b)  -> (artifact id: '7ad5c33ab44f0821006796a8edc02900') in 0.031112 seconds
Number of updated asset objects reloaded before import = 0
Number of asset objects unloaded after import = 2
========================================================================
Received Import Request.
  Time since last request: 0.000031 seconds.
  path: Assets/Scenes/SampleScene/ReflectionProbe-0.exr
  artifactKey: Guid(66d8b3694e52bf14c8c433a4f0564a6a) Importer(815301076,1909f56bfc062723c751e8b465ee728b)
Start importing Assets/Scenes/SampleScene/ReflectionProbe-0.exr using Guid(66d8b3694e52bf14c8c433a4f0564a6a) Importer(815301076,1909f56bfc062723c751e8b465ee728b)  -> (artifact id: '7306073ae1b38656f9665b5e55b564d0') in 0.020433 seconds
Number of updated asset objects reloaded before import = 0
Number of asset objects unloaded after import = 1
========================================================================
Received Import Request.
  Time since last request: 0.000014 seconds.
  path: Assets/Scenes/SampleScene/ReflectionProbe-1.exr
  artifactKey: Guid(dd7290d5367df8e4ea9f299216c81ecd) Importer(815301076,1909f56bfc062723c751e8b465ee728b)
Start importing Assets/Scenes/SampleScene/ReflectionProbe-1.exr using Guid(dd7290d5367df8e4ea9f299216c81ecd) Importer(815301076,1909f56bfc062723c751e8b465ee728b)  -> (artifact id: '568d87462bbf4b6c1465eea327f86303') in 0.021248 seconds
Number of updated asset objects reloaded before import = 0
Number of asset objects unloaded after import = 1
========================================================================
Received Import Request.
  Time since last request: 0.000015 seconds.
  path: Assets/Scenes/SampleScene/Lightmap-3_comp_dir.png
  artifactKey: Guid(405f62a656e9617418bdfb2d1615feca) Importer(815301076,1909f56bfc062723c751e8b465ee728b)
Start importing Assets/Scenes/SampleScene/Lightmap-3_comp_dir.png using Guid(405f62a656e9617418bdfb2d1615feca) Importer(815301076,1909f56bfc062723c751e8b465ee728b)  -> (artifact id: 'f39ef1830d8a2855ed18733eb39f1db3') in 0.029440 seconds
Number of updated asset objects reloaded before import = 0
Number of asset objects unloaded after import = 2
========================================================================
Received Import Request.
  Time since last request: 0.000017 seconds.
  path: Assets/Scenes/SampleScene/Lightmap-2_comp_shadowmask.png
  artifactKey: Guid(abbad1dd8e7a9c0469caa3a97303f43f) Importer(815301076,1909f56bfc062723c751e8b465ee728b)
Start importing Assets/Scenes/SampleScene/Lightmap-2_comp_shadowmask.png using Guid(abbad1dd8e7a9c0469caa3a97303f43f) Importer(815301076,1909f56bfc062723c751e8b465ee728b)  -> (artifact id: '2310b7c7ba83f78e55cd1f8a2e713430') in 0.026338 seconds
Number of updated asset objects reloaded before import = 0
Number of asset objects unloaded after import = 2
Editor requested this worker to shutdown with reason: Scaling down because of idle timeout
TcpMessagingSession - receive error: operation aborted. errorcode: 995, details: La operación de E/S se anuló por una salida de subproceso o por una solicitud de aplicación.
AssetImportWorker is now disconnected from the server
Process exiting
Exiting without the bug reporter. Application will terminate with return code 0