Using pre-set license
Built from '2022.3/staging' branch; Version is '2022.3.10f1 (ff3792e53c62) revision 16725906'; Using compiler version '192829333'; Build Type 'Release'
OS: 'Windows 10  (10.0.19044) 64bit Professional' Language: 'es' Physical Memory: 16309 MB
BatchMode: 1, IsHumanControllingUs: 0, StartBugReporterOnCrash: 0, Is64bit: 1, IsPro: 1

COMMAND LINE ARGUMENTS:
C:\Program Files\Unity\Hub\Editor\2022.3.10f1\Editor\Unity.exe
-adb2
-batchMode
-noUpm
-name
AssetImportWorker3
-projectPath
C:/Users/Xavi/Documents/GitHub/Scythe-vs-Hammer/Game/3DAnimation_P2
-logFile
Logs/AssetImportWorker3.log
-srvPort
50736
Successfully changed project path to: C:/Users/Xavi/Documents/GitHub/Scythe-vs-Hammer/Game/3DAnimation_P2
C:/Users/Xavi/Documents/GitHub/Scythe-vs-Hammer/Game/3DAnimation_P2
[UnityMemory] Configuration Parameters - Can be set up in boot.config
    "memorysetup-bucket-allocator-granularity=16"
    "memorysetup-bucket-allocator-bucket-count=8"
    "memorysetup-bucket-allocator-block-size=33554432"
    "memorysetup-bucket-allocator-block-count=8"
    "memorysetup-main-allocator-block-size=16777216"
    "memorysetup-thread-allocator-block-size=16777216"
    "memorysetup-gfx-main-allocator-block-size=16777216"
    "memorysetup-gfx-thread-allocator-block-size=16777216"
    "memorysetup-cache-allocator-block-size=4194304"
    "memorysetup-typetree-allocator-block-size=2097152"
    "memorysetup-profiler-bucket-allocator-granularity=16"
    "memorysetup-profiler-bucket-allocator-bucket-count=8"
    "memorysetup-profiler-bucket-allocator-block-size=33554432"
    "memorysetup-profiler-bucket-allocator-block-count=8"
    "memorysetup-profiler-allocator-block-size=16777216"
    "memorysetup-profiler-editor-allocator-block-size=1048576"
    "memorysetup-temp-allocator-size-main=16777216"
    "memorysetup-job-temp-allocator-block-size=2097152"
    "memorysetup-job-temp-allocator-block-size-background=1048576"
    "memorysetup-job-temp-allocator-reduction-small-platforms=262144"
    "memorysetup-allocator-temp-initial-block-size-main=262144"
    "memorysetup-allocator-temp-initial-block-size-worker=262144"
    "memorysetup-temp-allocator-size-background-worker=32768"
    "memorysetup-temp-allocator-size-job-worker=262144"
    "memorysetup-temp-allocator-size-preload-manager=33554432"
    "memorysetup-temp-allocator-size-nav-mesh-worker=65536"
    "memorysetup-temp-allocator-size-audio-worker=65536"
    "memorysetup-temp-allocator-size-cloud-worker=32768"
    "memorysetup-temp-allocator-size-gi-baking-worker=262144"
    "memorysetup-temp-allocator-size-gfx=262144"
Player connection [11788] Host "[IP] 192.168.1.131 [Port] 0 [Flags] 2 [Guid] 709982964 [EditorId] 709982964 [Version] 1048832 [Id] WindowsEditor(7,DESKTOP-M0JCFSU) [Debug] 1 [PackageName] WindowsEditor [ProjectName] Editor" joined multi-casting on [225.0.0.222:54997]...

Player connection [11788] Host "[IP] 192.168.1.131 [Port] 0 [Flags] 2 [Guid] 709982964 [EditorId] 709982964 [Version] 1048832 [Id] WindowsEditor(7,DESKTOP-M0JCFSU) [Debug] 1 [PackageName] WindowsEditor [ProjectName] Editor" joined alternative multi-casting on [225.0.0.222:34997]...

[Physics::Module] Initialized MultithreadedJobDispatcher with 15 workers.
Refreshing native plugins compatible for Editor in 6.25 ms, found 2 plugins.
Preloading 0 native plugins for Editor in 0.00 ms.
Initialize engine version: 2022.3.10f1 (ff3792e53c62)
[Subsystems] Discovering subsystems at path C:/Program Files/Unity/Hub/Editor/2022.3.10f1/Editor/Data/Resources/UnitySubsystems
[Subsystems] Discovering subsystems at path C:/Users/Xavi/Documents/GitHub/Scythe-vs-Hammer/Game/3DAnimation_P2/Assets
GfxDevice: creating device client; threaded=0; jobified=0
Direct3D:
    Version:  Direct3D 11.0 [level 11.1]
    Renderer: NVIDIA GeForce RTX 3060 Ti (ID=0x2486)
    Vendor:   NVIDIA
    VRAM:     8038 MB
    Driver:   31.0.15.4633
Initialize mono
Mono path[0] = 'C:/Program Files/Unity/Hub/Editor/2022.3.10f1/Editor/Data/Managed'
Mono path[1] = 'C:/Program Files/Unity/Hub/Editor/2022.3.10f1/Editor/Data/MonoBleedingEdge/lib/mono/unityjit-win32'
Mono config path = 'C:/Program Files/Unity/Hub/Editor/2022.3.10f1/Editor/Data/MonoBleedingEdge/etc'
Using monoOptions --debugger-agent=transport=dt_socket,embedding=1,server=y,suspend=n,address=127.0.0.1:56304
Begin MonoManager ReloadAssembly
Registering precompiled unity dll's ...
Register platform support module: C:/Program Files/Unity/Hub/Editor/2022.3.10f1/Editor/Data/PlaybackEngines/WindowsStandaloneSupport/UnityEditor.WindowsStandalone.Extensions.dll
Registered in 0.010915 seconds.
- Loaded All Assemblies, in  0.379 seconds
Native extension for WindowsStandalone target not found
Mono: successfully reloaded assembly
- Finished resetting the current domain, in  0.246 seconds
Domain Reload Profiling: 622ms
	BeginReloadAssembly (117ms)
		ExecutionOrderSort (0ms)
		DisableScriptedObjects (0ms)
		BackupInstance (0ms)
		ReleaseScriptingObjects (0ms)
		CreateAndSetChildDomain (1ms)
	RebuildCommonClasses (36ms)
	RebuildNativeTypeToScriptingClass (11ms)
	initialDomainReloadingComplete (66ms)
	LoadAllAssembliesAndSetupDomain (145ms)
		LoadAssemblies (114ms)
		RebuildTransferFunctionScriptingTraits (0ms)
		AnalyzeDomain (143ms)
			TypeCache.Refresh (142ms)
				TypeCache.ScanAssembly (128ms)
			ScanForSourceGeneratedMonoScriptInfo (0ms)
			ResolveRequiredComponents (1ms)
	FinalizeReload (247ms)
		ReleaseScriptCaches (0ms)
		RebuildScriptCaches (0ms)
		SetupLoadedEditorAssemblies (189ms)
			LogAssemblyErrors (0ms)
			InitializePlatformSupportModulesInManaged (11ms)
			SetLoadedEditorAssemblies (7ms)
			RefreshPlugins (0ms)
			BeforeProcessingInitializeOnLoad (3ms)
			ProcessInitializeOnLoadAttributes (128ms)
			ProcessInitializeOnLoadMethodAttributes (40ms)
			AfterProcessingInitializeOnLoad (0ms)
			EditorAssembliesLoaded (0ms)
		ExecutionOrderSort2 (0ms)
		AwakeInstancesAfterBackupRestoration (0ms)
========================================================================
Worker process is ready to serve import requests
Begin MonoManager ReloadAssembly
- Loaded All Assemblies, in  0.458 seconds
Refreshing native plugins compatible for Editor in 2.72 ms, found 2 plugins.
Native extension for WindowsStandalone target not found
Package Manager log level set to [2]
[Package Manager] Server::EnsureServerProcessIsRunning -- launch failed, reason: Unity was launched with the -noUpm command-line argument
[Package Manager] UpmClient::Send -- Unable to send message (not connected to UPM process).
[Package Manager] Cannot connect to Unity Package Manager local server
Mono: successfully reloaded assembly
- Finished resetting the current domain, in  0.482 seconds
Domain Reload Profiling: 936ms
	BeginReloadAssembly (132ms)
		ExecutionOrderSort (0ms)
		DisableScriptedObjects (5ms)
		BackupInstance (0ms)
		ReleaseScriptingObjects (0ms)
		CreateAndSetChildDomain (18ms)
	RebuildCommonClasses (30ms)
	RebuildNativeTypeToScriptingClass (10ms)
	initialDomainReloadingComplete (38ms)
	LoadAllAssembliesAndSetupDomain (244ms)
		LoadAssemblies (239ms)
		RebuildTransferFunctionScriptingTraits (0ms)
		AnalyzeDomain (84ms)
			TypeCache.Refresh (72ms)
				TypeCache.ScanAssembly (61ms)
			ScanForSourceGeneratedMonoScriptInfo (9ms)
			ResolveRequiredComponents (2ms)
	FinalizeReload (482ms)
		ReleaseScriptCaches (0ms)
		RebuildScriptCaches (0ms)
		SetupLoadedEditorAssemblies (361ms)
			LogAssemblyErrors (0ms)
			InitializePlatformSupportModulesInManaged (6ms)
			SetLoadedEditorAssemblies (2ms)
			RefreshPlugins (0ms)
			BeforeProcessingInitializeOnLoad (48ms)
			ProcessInitializeOnLoadAttributes (277ms)
			ProcessInitializeOnLoadMethodAttributes (17ms)
			AfterProcessingInitializeOnLoad (10ms)
			EditorAssembliesLoaded (0ms)
		ExecutionOrderSort2 (0ms)
		AwakeInstancesAfterBackupRestoration (6ms)
Launched and connected shader compiler UnityShaderCompiler.exe after 0.04 seconds
Refreshing native plugins compatible for Editor in 2.31 ms, found 2 plugins.
Preloading 0 native plugins for Editor in 0.00 ms.
Unloading 1923 Unused Serialized files (Serialized files now loaded: 0)
Unloading 41 unused Assets / (1.3 MB). Loaded Objects now: 2383.
Memory consumption went from 100.6 MB to 99.4 MB.
Total: 3.138600 ms (FindLiveObjects: 0.141900 ms CreateObjectMapping: 0.045900 ms MarkObjects: 2.596900 ms  DeleteObjects: 0.352600 ms)

AssetImportParameters requested are different than current active one (requested -> active):
  custom:video-decoder-webm-vp8: 9c59270c3fd7afecdb556c50c9e8de78 -> 
  custom:SearchIndexIgnoredProperties: e643bd26f0fe6173181afceb89e7c659 -> 
  custom:container-demuxer-ogg: 62fdf1f143b41e24485cea50d1cbac27 -> 
  custom:AudioImporter_EditorPlatform: d09bf68614088b80899f8185d706f6e7 -> 
  custom:video-decoder-ogg-theora: a1e56fd34408186e4bbccfd4996cb3dc -> 
  custom:framework-win-MediaFoundation: 216162199b28c13a410421893ffa2e32 -> 
  custom:video-encoder-webm-vp8: eb34c28f22e8b96e1ab97ce403110664 -> 
  custom:audio-decoder-ogg-vorbis: bf7c407c2cedff20999df2af8eb42d56 -> 
  custom:CustomObjectIndexerAttribute: 756ad292c208cfabdd7b50bc23989ffe -> 
  custom:container-demuxer-webm: 4f35f7cbe854078d1ac9338744f61a02 -> 
  custom:audio-encoder-webm-vorbis: bf7c407c2cedff20999df2af8eb42d56 -> 
  custom:container-muxer-webm: aa71ff27fc2769a1b78a27578f13a17b -> 
========================================================================
Received Import Request.
  Time since last request: 33079.504840 seconds.
  path: Assets/Animations/Xavi/Textures/thor_cloth_MAT.mat
  artifactKey: Guid(d667d15ab1e88504ab30c0f4a5883847) Importer(815301076,1909f56bfc062723c751e8b465ee728b)
Start importing Assets/Animations/Xavi/Textures/thor_cloth_MAT.mat using Guid(d667d15ab1e88504ab30c0f4a5883847) Importer(815301076,1909f56bfc062723c751e8b465ee728b)  -> (artifact id: '320ae9cfdf3ae71a2a9fb426eb59f0bd') in 0.170806 seconds
Number of updated asset objects reloaded before import = 0
Number of asset objects unloaded after import = 1
========================================================================
Received Import Request.
  Time since last request: 43.138167 seconds.
  path: Assets/Animations/Xavi/Textures/Cloth_low_Mixed_AO.png
  artifactKey: Guid(73f403a70fa0cbf4ab3c719ace692f41) Importer(815301076,1909f56bfc062723c751e8b465ee728b)
Start importing Assets/Animations/Xavi/Textures/Cloth_low_Mixed_AO.png using Guid(73f403a70fa0cbf4ab3c719ace692f41) Importer(815301076,1909f56bfc062723c751e8b465ee728b)  -> (artifact id: '5be598b4e841da259d648ae3ae9e0d70') in 0.046925 seconds
Number of updated asset objects reloaded before import = 0
Number of asset objects unloaded after import = 2
========================================================================
Received Import Request.
  Time since last request: 0.000022 seconds.
  path: Assets/Animations/Xavi/Textures/Cloth_low_Roughness.png
  artifactKey: Guid(3034fb8cd93365f4a873103fa93c5245) Importer(815301076,1909f56bfc062723c751e8b465ee728b)
Start importing Assets/Animations/Xavi/Textures/Cloth_low_Roughness.png using Guid(3034fb8cd93365f4a873103fa93c5245) Importer(815301076,1909f56bfc062723c751e8b465ee728b)  -> (artifact id: '80548d22135c88aac23042b34c331951') in 0.040035 seconds
Number of updated asset objects reloaded before import = 0
Number of asset objects unloaded after import = 2
========================================================================
Received Import Request.
  Time since last request: 0.000032 seconds.
  path: Assets/Animations/Xavi/Textures/Legs_high_Mixed_AO.png
  artifactKey: Guid(05b421565d0867942bcb1b89568e0afb) Importer(815301076,1909f56bfc062723c751e8b465ee728b)
Start importing Assets/Animations/Xavi/Textures/Legs_high_Mixed_AO.png using Guid(05b421565d0867942bcb1b89568e0afb) Importer(815301076,1909f56bfc062723c751e8b465ee728b)  -> (artifact id: 'e55c032e15d5fef3e5ce30b65f56e432') in 0.022739 seconds
Number of updated asset objects reloaded before import = 0
Number of asset objects unloaded after import = 2
========================================================================
Received Import Request.
  Time since last request: 0.000016 seconds.
  path: Assets/Animations/Xavi/Textures/Gauntlets_low_Roughness.png
  artifactKey: Guid(2dd7b918a7c5ef249b6ec5615f85c712) Importer(815301076,1909f56bfc062723c751e8b465ee728b)
Start importing Assets/Animations/Xavi/Textures/Gauntlets_low_Roughness.png using Guid(2dd7b918a7c5ef249b6ec5615f85c712) Importer(815301076,1909f56bfc062723c751e8b465ee728b)  -> (artifact id: 'a1e2fed907a11793a921ddc4f7829c5c') in 0.026051 seconds
Number of updated asset objects reloaded before import = 0
Number of asset objects unloaded after import = 2
========================================================================
Received Import Request.
  Time since last request: 0.000022 seconds.
  path: Assets/Animations/Xavi/Textures/FaceGuts_low_Roughness.png
  artifactKey: Guid(6638fc999d2a79542bc345eaeae507b3) Importer(815301076,1909f56bfc062723c751e8b465ee728b)
Start importing Assets/Animations/Xavi/Textures/FaceGuts_low_Roughness.png using Guid(6638fc999d2a79542bc345eaeae507b3) Importer(815301076,1909f56bfc062723c751e8b465ee728b)  -> (artifact id: 'b8aa5e0fcef0a8532da5f114fe4906c7') in 0.027639 seconds
Number of updated asset objects reloaded before import = 0
Number of asset objects unloaded after import = 2
========================================================================
Received Import Request.
  Time since last request: 0.000034 seconds.
  path: Assets/Animations/Xavi/Textures/Legs_high_Normal_OpenGL.png
  artifactKey: Guid(eac4b920e0d48054bb8b5aaa11dc15d3) Importer(815301076,1909f56bfc062723c751e8b465ee728b)
Start importing Assets/Animations/Xavi/Textures/Legs_high_Normal_OpenGL.png using Guid(eac4b920e0d48054bb8b5aaa11dc15d3) Importer(815301076,1909f56bfc062723c751e8b465ee728b)  -> (artifact id: '110df7cc532a37dd766fcc4b6dfb2168') in 0.025956 seconds
Number of updated asset objects reloaded before import = 0
Number of asset objects unloaded after import = 2
========================================================================
Received Import Request.
  Time since last request: 0.000018 seconds.
  path: Assets/Animations/Xavi/Textures/FaceGuts_low_Normal_OpenGL.png
  artifactKey: Guid(3a797d453028b86419ee045c9a13af7b) Importer(815301076,1909f56bfc062723c751e8b465ee728b)
Start importing Assets/Animations/Xavi/Textures/FaceGuts_low_Normal_OpenGL.png using Guid(3a797d453028b86419ee045c9a13af7b) Importer(815301076,1909f56bfc062723c751e8b465ee728b)  -> (artifact id: '28f545c5ba75af02c4d61aa9148acbe8') in 0.027277 seconds
Number of updated asset objects reloaded before import = 0
Number of asset objects unloaded after import = 2
========================================================================
Received Import Request.
  Time since last request: 0.000017 seconds.
  path: Assets/Animations/Xavi/Textures/Legs_high_Base_Color.png
  artifactKey: Guid(5edfd8bd45badc24db841ff37b78c07d) Importer(815301076,1909f56bfc062723c751e8b465ee728b)
Start importing Assets/Animations/Xavi/Textures/Legs_high_Base_Color.png using Guid(5edfd8bd45badc24db841ff37b78c07d) Importer(815301076,1909f56bfc062723c751e8b465ee728b)  -> (artifact id: '76b3e4aa6df2219c688a657975de652d') in 0.022495 seconds
Number of updated asset objects reloaded before import = 0
Number of asset objects unloaded after import = 2
========================================================================
Received Import Request.
  Time since last request: 42.653031 seconds.
  path: Assets/Animations/Xavi/Textures/Gauntlets_low_Normal_OpenGL.png
  artifactKey: Guid(1a4fd99bbc855e141a13f8da0fcc8f02) Importer(815301076,1909f56bfc062723c751e8b465ee728b)
Start importing Assets/Animations/Xavi/Textures/Gauntlets_low_Normal_OpenGL.png using Guid(1a4fd99bbc855e141a13f8da0fcc8f02) Importer(815301076,1909f56bfc062723c751e8b465ee728b)  -> (artifact id: '544d8edab6989bf2e4b5b683eace7563') in 0.050999 seconds
Number of updated asset objects reloaded before import = 0
Number of asset objects unloaded after import = 2
========================================================================
Received Import Request.
  Time since last request: 0.000016 seconds.
  path: Assets/Animations/Xavi/Textures/Skin_low_Normal_OpenGL.png
  artifactKey: Guid(bc5aba76d4be24c41bcc1efbd010a63b) Importer(815301076,1909f56bfc062723c751e8b465ee728b)
Start importing Assets/Animations/Xavi/Textures/Skin_low_Normal_OpenGL.png using Guid(bc5aba76d4be24c41bcc1efbd010a63b) Importer(815301076,1909f56bfc062723c751e8b465ee728b)  -> (artifact id: '76aa2f95dbeb2109a2156bf481614d8e') in 0.062384 seconds
Number of updated asset objects reloaded before import = 0
Number of asset objects unloaded after import = 2
========================================================================
Received Import Request.
  Time since last request: 5.955042 seconds.
  path: Assets/Animations/Xavi/LowQuickAttack.fbx
  artifactKey: Guid(fcd6535e527b9ef4b917a12da616e10b) Importer(815301076,1909f56bfc062723c751e8b465ee728b)
Start importing Assets/Animations/Xavi/LowQuickAttack.fbx using Guid(fcd6535e527b9ef4b917a12da616e10b) Importer(815301076,1909f56bfc062723c751e8b465ee728b)  -> (artifact id: '6cc53dc699869003e5ffc233f295d6d1') in 0.507787 seconds
Number of updated asset objects reloaded before import = 0
Number of asset objects unloaded after import = 624
========================================================================
Received Import Request.
  Time since last request: 0.000026 seconds.
  path: Assets/Animations/Xavi/Win.fbx
  artifactKey: Guid(fc71f5829b142124cb1f53872d6ea5f0) Importer(815301076,1909f56bfc062723c751e8b465ee728b)
Start importing Assets/Animations/Xavi/Win.fbx using Guid(fc71f5829b142124cb1f53872d6ea5f0) Importer(815301076,1909f56bfc062723c751e8b465ee728b)  -> (artifact id: 'dcada98d68b52d2d2620e17039b64fa5') in 0.244768 seconds
Number of updated asset objects reloaded before import = 0
Number of asset objects unloaded after import = 624
========================================================================
Received Import Request.
  Time since last request: 0.000058 seconds.
  path: Assets/Animations/Xavi/QuickAttack.fbx
  artifactKey: Guid(dc5589f0ec4ad494b95511b5cc8a7374) Importer(815301076,1909f56bfc062723c751e8b465ee728b)
Start importing Assets/Animations/Xavi/QuickAttack.fbx using Guid(dc5589f0ec4ad494b95511b5cc8a7374) Importer(815301076,1909f56bfc062723c751e8b465ee728b)  -> (artifact id: '3b9f260046e47cb41a15716cf959d279') in 0.181204 seconds
Number of updated asset objects reloaded before import = 0
Number of asset objects unloaded after import = 624
========================================================================
Received Import Request.
  Time since last request: 159.132303 seconds.
  path: Assets/Animations/Xavi/WalkBW.fbx
  artifactKey: Guid(11020125bf7de4946845cf0c8a34eda2) Importer(815301076,1909f56bfc062723c751e8b465ee728b)
Start importing Assets/Animations/Xavi/WalkBW.fbx using Guid(11020125bf7de4946845cf0c8a34eda2) Importer(815301076,1909f56bfc062723c751e8b465ee728b)  -> (artifact id: 'c28650ad1a34bee73b26c7fc263e3d5b') in 0.179010 seconds
Number of updated asset objects reloaded before import = 0
Number of asset objects unloaded after import = 624
========================================================================
Received Import Request.
  Time since last request: 295.230428 seconds.
  path: Assets/Animations/Joan/AttackSlow_AZRI.fbx
  artifactKey: Guid(9c82db075d12c4b4b9675a2b75c6cdc4) Importer(815301076,1909f56bfc062723c751e8b465ee728b)
Start importing Assets/Animations/Joan/AttackSlow_AZRI.fbx using Guid(9c82db075d12c4b4b9675a2b75c6cdc4) Importer(815301076,1909f56bfc062723c751e8b465ee728b)  -> (artifact id: 'b81c29f2213d89bdb16ef9aaae8d4bcb') in 0.148812 seconds
Number of updated asset objects reloaded before import = 0
Number of asset objects unloaded after import = 543
========================================================================
Received Import Request.
  Time since last request: 0.000041 seconds.
  path: Assets/Animations/Joan/LowSlowAttack.fbx
  artifactKey: Guid(0b3e54eeda024fb4b96f5b4d0f6b322f) Importer(815301076,1909f56bfc062723c751e8b465ee728b)
Start importing Assets/Animations/Joan/LowSlowAttack.fbx using Guid(0b3e54eeda024fb4b96f5b4d0f6b322f) Importer(815301076,1909f56bfc062723c751e8b465ee728b)  -> (artifact id: '9f40bda7eca999354e74531d7483c123') in 0.097489 seconds
Number of updated asset objects reloaded before import = 0
Number of asset objects unloaded after import = 543
========================================================================
Received Import Request.
  Time since last request: 0.000031 seconds.
  path: Assets/Animations/Joan/Idle_AZRI.fbx
  artifactKey: Guid(8e8e133b45a184749a90955c309bd02b) Importer(815301076,1909f56bfc062723c751e8b465ee728b)
Start importing Assets/Animations/Joan/Idle_AZRI.fbx using Guid(8e8e133b45a184749a90955c309bd02b) Importer(815301076,1909f56bfc062723c751e8b465ee728b)  -> (artifact id: '0402330efb24790dc24986c1bedaeb0d') in 0.075761 seconds
Number of updated asset objects reloaded before import = 0
Number of asset objects unloaded after import = 545
========================================================================
Received Import Request.
  Time since last request: 0.000029 seconds.
  path: Assets/Animations/Joan/Win_AZRI.fbx
  artifactKey: Guid(e0acc12128de5154d810aa6ac6b15d42) Importer(815301076,1909f56bfc062723c751e8b465ee728b)
Start importing Assets/Animations/Joan/Win_AZRI.fbx using Guid(e0acc12128de5154d810aa6ac6b15d42) Importer(815301076,1909f56bfc062723c751e8b465ee728b)  -> (artifact id: 'd11440ce3af919454927fcc3a6eb0531') in 0.074800 seconds
Number of updated asset objects reloaded before import = 0
Number of asset objects unloaded after import = 543
========================================================================
Received Import Request.
  Time since last request: 0.000022 seconds.
  path: Assets/Animations/Joan/WalkBack_AZRI.fbx
  artifactKey: Guid(1273bdc6de7456b45a1c82390ce351ba) Importer(815301076,1909f56bfc062723c751e8b465ee728b)
Start importing Assets/Animations/Joan/WalkBack_AZRI.fbx using Guid(1273bdc6de7456b45a1c82390ce351ba) Importer(815301076,1909f56bfc062723c751e8b465ee728b)  -> (artifact id: '494236bcc2fde0f0b7b57d7c73e48bc5') in 0.082958 seconds
Number of updated asset objects reloaded before import = 0
Number of asset objects unloaded after import = 543
Editor requested this worker to shutdown with reason: Scaling down because of idle timeout
TcpMessagingSession - receive error: operation aborted. errorcode: 995, details: La operación de E/S se anuló por una salida de subproceso o por una solicitud de aplicación.
AssetImportWorker is now disconnected from the server
Process exiting
Exiting without the bug reporter. Application will terminate with return code 0